2017-10-19 07:04:43 UTC[store.multimerchantshop.xyz][983ab1519a8b553ec58125a13bf09471][warning] helper->warning access IP hacked
2017-10-19 07:04:43 UTC[store.multimerchantshop.xyz][983ab1519a8b553ec58125a13bf09471][warning] helper->warning SERVER NAME hacked
2017-10-19 07:04:44 UTC[store.multimerchantshop.xyz][983ab1519a8b553ec58125a13bf09471][warning] helper->warning countryCode hacked
2017-10-19 07:04:44 UTC[store.multimerchantshop.xyz][983ab1519a8b553ec58125a13bf09471][warning] helper->warning countryCode hacked
2017-10-19 07:04:44 UTC[store.multimerchantshop.xyz][983ab1519a8b553ec58125a13bf09471][warning] helper->warning countryCode hacked
2017-10-19 07:04:44 UTC[store.multimerchantshop.xyz][983ab1519a8b553ec58125a13bf09471][warning] helper->warning countryCode hacked
2017-10-19 07:04:45 UTC[store.multimerchantshop.xyz][983ab1519a8b553ec58125a13bf09471][warning] helper->warning countryCode hacked
2017-10-19 07:05:43 UTC[store.multimerchantshop.xyz][983ab1519a8b553ec58125a13bf09471][warning] helper->warning access IP hacked
2017-10-19 07:05:43 UTC[store.multimerchantshop.xyz][983ab1519a8b553ec58125a13bf09471][warning] helper->warning SERVER NAME hacked
2017-10-19 07:05:44 UTC[store.multimerchantshop.xyz][983ab1519a8b553ec58125a13bf09471][warning] helper->warning countryCode hacked
2017-10-19 07:05:44 UTC[store.multimerchantshop.xyz][983ab1519a8b553ec58125a13bf09471][warning] helper->warning countryCode hacked
2017-10-19 07:05:45 UTC[store.multimerchantshop.xyz][983ab1519a8b553ec58125a13bf09471][warning] helper->warning countryCode hacked
2017-10-19 07:05:45 UTC[store.multimerchantshop.xyz][983ab1519a8b553ec58125a13bf09471][warning] helper->warning countryCode hacked
2017-10-19 07:05:45 UTC[store.multimerchantshop.xyz][983ab1519a8b553ec58125a13bf09471][warning] helper->warning countryCode hacked
2017-10-19 07:06:26 UTC[store.multimerchantshop.xyz][983ab1519a8b553ec58125a13bf09471][warning] helper->warning access IP hacked
2017-10-19 07:06:26 UTC[store.multimerchantshop.xyz][983ab1519a8b553ec58125a13bf09471][warning] helper->warning SERVER NAME hacked
2017-10-19 07:06:28 UTC[store.multimerchantshop.xyz][983ab1519a8b553ec58125a13bf09471][warning] helper->warning countryCode hacked
2017-10-19 07:06:28 UTC[store.multimerchantshop.xyz][983ab1519a8b553ec58125a13bf09471][warning] helper->warning countryCode hacked
2017-10-19 07:06:29 UTC[store.multimerchantshop.xyz][983ab1519a8b553ec58125a13bf09471][warning] helper->warning access IP hacked
2017-10-19 07:06:29 UTC[store.multimerchantshop.xyz][983ab1519a8b553ec58125a13bf09471][warning] helper->warning SERVER NAME hacked
2017-10-19 07:07:05 UTC[store.multimerchantshop.xyz][983ab1519a8b553ec58125a13bf09471][warning] helper->warning access IP hacked
2017-10-19 07:07:05 UTC[store.multimerchantshop.xyz][983ab1519a8b553ec58125a13bf09471][warning] helper->warning SERVER NAME hacked
2017-10-19 07:07:06 UTC[store.multimerchantshop.xyz][983ab1519a8b553ec58125a13bf09471][warning] helper->warning countryCode hacked
2017-10-19 07:07:06 UTC[store.multimerchantshop.xyz][983ab1519a8b553ec58125a13bf09471][warning] helper->warning countryCode hacked
2017-10-19 07:07:07 UTC[store.multimerchantshop.xyz][983ab1519a8b553ec58125a13bf09471][warning] helper->warning access IP hacked
2017-10-19 07:07:07 UTC[store.multimerchantshop.xyz][983ab1519a8b553ec58125a13bf09471][warning] helper->warning SERVER NAME hacked
2017-10-19 07:08:39 UTC[store.multimerchantshop.xyz][983ab1519a8b553ec58125a13bf09471][warning] helper->warning access IP hacked
2017-10-19 07:08:39 UTC[store.multimerchantshop.xyz][983ab1519a8b553ec58125a13bf09471][warning] helper->warning SERVER NAME hacked
2017-10-19 07:08:41 UTC[store.multimerchantshop.xyz][983ab1519a8b553ec58125a13bf09471][warning] helper->warning access IP hacked
2017-10-19 07:08:41 UTC[store.multimerchantshop.xyz][983ab1519a8b553ec58125a13bf09471][warning] helper->warning SERVER NAME hacked
2017-10-19 07:08:58 UTC[store.multimerchantshop.xyz][983ab1519a8b553ec58125a13bf09471][warning] helper->warning access IP hacked
2017-10-19 07:08:58 UTC[store.multimerchantshop.xyz][983ab1519a8b553ec58125a13bf09471][warning] helper->warning SERVER NAME hacked
2017-10-19 07:08:59 UTC[store.multimerchantshop.xyz][983ab1519a8b553ec58125a13bf09471][warning] helper->warning countryCode hacked
2017-10-19 07:09:00 UTC[store.multimerchantshop.xyz][983ab1519a8b553ec58125a13bf09471][warning] helper->warning countryCode hacked
2017-10-19 07:09:00 UTC[store.multimerchantshop.xyz][983ab1519a8b553ec58125a13bf09471][warning] helper->warning access IP hacked
2017-10-19 07:09:00 UTC[store.multimerchantshop.xyz][983ab1519a8b553ec58125a13bf09471][warning] helper->warning SERVER NAME hacked
2017-10-19 07:09:01 UTC[store.multimerchantshop.xyz][983ab1519a8b553ec58125a13bf09471][warning] helper->warning access IP hacked
2017-10-19 07:09:01 UTC[store.multimerchantshop.xyz][983ab1519a8b553ec58125a13bf09471][warning] helper->warning SERVER NAME hacked
2017-10-19 07:13:23 UTC[store.multimerchantshop.xyz][983ab1519a8b553ec58125a13bf09471][warning] helper->warning access IP hacked
2017-10-19 07:13:23 UTC[store.multimerchantshop.xyz][983ab1519a8b553ec58125a13bf09471][warning] helper->warning SERVER NAME hacked
2017-10-19 07:13:25 UTC[store.multimerchantshop.xyz][983ab1519a8b553ec58125a13bf09471][warning] helper->warning countryCode hacked
2017-10-19 07:13:25 UTC[store.multimerchantshop.xyz][983ab1519a8b553ec58125a13bf09471][warning] helper->warning countryCode hacked
2017-10-19 07:13:25 UTC[store.multimerchantshop.xyz][983ab1519a8b553ec58125a13bf09471][warning] helper->warning access IP hacked
2017-10-19 07:13:25 UTC[store.multimerchantshop.xyz][983ab1519a8b553ec58125a13bf09471][warning] helper->warning SERVER NAME hacked
2017-10-19 07:13:44 UTC[store.multimerchantshop.xyz][983ab1519a8b553ec58125a13bf09471][warning] helper->warning access IP hacked
2017-10-19 07:13:44 UTC[store.multimerchantshop.xyz][983ab1519a8b553ec58125a13bf09471][warning] helper->warning SERVER NAME hacked
2017-10-19 07:13:45 UTC[store.multimerchantshop.xyz][983ab1519a8b553ec58125a13bf09471][warning] helper->warning access IP hacked
2017-10-19 07:13:45 UTC[store.multimerchantshop.xyz][983ab1519a8b553ec58125a13bf09471][warning] helper->warning SERVER NAME hacked
2017-10-19 07:13:46 UTC[store.multimerchantshop.xyz][983ab1519a8b553ec58125a13bf09471][warning] helper->warning countryCode hacked
2017-10-19 07:13:46 UTC[store.multimerchantshop.xyz][983ab1519a8b553ec58125a13bf09471][warning] helper->warning countryCode hacked
2017-10-19 07:13:47 UTC[store.multimerchantshop.xyz][983ab1519a8b553ec58125a13bf09471][warning] helper->warning access IP hacked
2017-10-19 07:13:47 UTC[store.multimerchantshop.xyz][983ab1519a8b553ec58125a13bf09471][warning] helper->warning SERVER NAME hacked
2017-10-19 07:26:17 UTC[store.multimerchantshop.xyz][983ab1519a8b553ec58125a13bf09471][warning] helper->warning access IP hacked
2017-10-19 07:26:17 UTC[store.multimerchantshop.xyz][983ab1519a8b553ec58125a13bf09471][warning] helper->warning SERVER NAME hacked
2017-10-19 07:26:20 UTC[store.multimerchantshop.xyz][983ab1519a8b553ec58125a13bf09471][warning] helper->warning countryCode hacked
2017-10-19 07:26:21 UTC[store.multimerchantshop.xyz][983ab1519a8b553ec58125a13bf09471][warning] helper->warning countryCode hacked
2017-10-19 07:26:21 UTC[store.multimerchantshop.xyz][983ab1519a8b553ec58125a13bf09471][warning] helper->warning access IP hacked
2017-10-19 07:26:21 UTC[store.multimerchantshop.xyz][983ab1519a8b553ec58125a13bf09471][warning] helper->warning SERVER NAME hacked
2017-10-19 07:27:35 UTC[store.multimerchantshop.xyz][983ab1519a8b553ec58125a13bf09471][warning] helper->warning access IP hacked
2017-10-19 07:27:35 UTC[store.multimerchantshop.xyz][983ab1519a8b553ec58125a13bf09471][warning] helper->warning SERVER NAME hacked
2017-10-19 07:27:36 UTC[store.multimerchantshop.xyz][983ab1519a8b553ec58125a13bf09471][warning] helper->warning access IP hacked
2017-10-19 07:27:36 UTC[store.multimerchantshop.xyz][983ab1519a8b553ec58125a13bf09471][warning] helper->warning SERVER NAME hacked
2017-10-19 07:27:37 UTC[store.multimerchantshop.xyz][983ab1519a8b553ec58125a13bf09471][warning] helper->warning countryCode hacked
2017-10-19 07:27:37 UTC[store.multimerchantshop.xyz][983ab1519a8b553ec58125a13bf09471][warning] helper->warning countryCode hacked
2017-10-19 07:27:42 UTC[store.multimerchantshop.xyz][983ab1519a8b553ec58125a13bf09471][warning] helper->warning access IP hacked
2017-10-19 07:27:42 UTC[store.multimerchantshop.xyz][983ab1519a8b553ec58125a13bf09471][warning] helper->warning SERVER NAME hacked
2017-10-19 07:27:43 UTC[store.multimerchantshop.xyz][983ab1519a8b553ec58125a13bf09471][warning] helper->warning countryCode hacked
2017-10-19 07:27:43 UTC[store.multimerchantshop.xyz][983ab1519a8b553ec58125a13bf09471][warning] helper->warning countryCode hacked
2017-10-19 07:27:43 UTC[store.multimerchantshop.xyz][983ab1519a8b553ec58125a13bf09471][warning] helper->warning countryCode hacked
2017-10-19 07:27:43 UTC[store.multimerchantshop.xyz][983ab1519a8b553ec58125a13bf09471][warning] helper->warning countryCode hacked
2017-10-19 07:27:44 UTC[store.multimerchantshop.xyz][983ab1519a8b553ec58125a13bf09471][warning] helper->warning countryCode hacked
2017-10-19 07:28:16 UTC[store.multimerchantshop.xyz][983ab1519a8b553ec58125a13bf09471][warning] helper->warning access IP hacked
2017-10-19 07:28:16 UTC[store.multimerchantshop.xyz][983ab1519a8b553ec58125a13bf09471][warning] helper->warning SERVER NAME hacked
2017-10-19 07:28:17 UTC[store.multimerchantshop.xyz][983ab1519a8b553ec58125a13bf09471][warning] helper->warning countryCode hacked
2017-10-19 07:28:17 UTC[store.multimerchantshop.xyz][983ab1519a8b553ec58125a13bf09471][warning] helper->warning countryCode hacked
2017-10-19 07:28:17 UTC[store.multimerchantshop.xyz][983ab1519a8b553ec58125a13bf09471][warning] helper->warning access IP hacked
2017-10-19 07:28:17 UTC[store.multimerchantshop.xyz][983ab1519a8b553ec58125a13bf09471][warning] helper->warning SERVER NAME hacked
2017-10-19 07:31:51 UTC[store.multimerchantshop.xyz][983ab1519a8b553ec58125a13bf09471][warning] helper->warning access IP hacked
2017-10-19 07:31:51 UTC[store.multimerchantshop.xyz][983ab1519a8b553ec58125a13bf09471][warning] helper->warning SERVER NAME hacked
2017-10-19 07:31:52 UTC[store.multimerchantshop.xyz][983ab1519a8b553ec58125a13bf09471][warning] helper->warning countryCode hacked
2017-10-19 07:31:52 UTC[store.multimerchantshop.xyz][983ab1519a8b553ec58125a13bf09471][warning] helper->warning countryCode hacked
2017-10-19 07:31:52 UTC[store.multimerchantshop.xyz][983ab1519a8b553ec58125a13bf09471][warning] helper->warning countryCode hacked
2017-10-19 07:31:53 UTC[store.multimerchantshop.xyz][983ab1519a8b553ec58125a13bf09471][warning] helper->warning countryCode hacked
2017-10-19 07:31:53 UTC[store.multimerchantshop.xyz][983ab1519a8b553ec58125a13bf09471][warning] helper->warning countryCode hacked
2017-10-19 07:32:06 UTC[store.multimerchantshop.xyz][983ab1519a8b553ec58125a13bf09471][warning] helper->warning access IP hacked
2017-10-19 07:32:06 UTC[store.multimerchantshop.xyz][983ab1519a8b553ec58125a13bf09471][warning] helper->warning SERVER NAME hacked
2017-10-19 07:32:08 UTC[store.multimerchantshop.xyz][983ab1519a8b553ec58125a13bf09471][warning] helper->warning access IP hacked
2017-10-19 07:32:08 UTC[store.multimerchantshop.xyz][983ab1519a8b553ec58125a13bf09471][warning] helper->warning SERVER NAME hacked
2017-10-19 07:32:09 UTC[store.multimerchantshop.xyz][983ab1519a8b553ec58125a13bf09471][warning] helper->warning countryCode hacked
2017-10-19 07:33:11 UTC[store.multimerchantshop.xyz][983ab1519a8b553ec58125a13bf09471][warning] helper->warning access IP hacked
2017-10-19 07:33:11 UTC[store.multimerchantshop.xyz][983ab1519a8b553ec58125a13bf09471][warning] helper->warning SERVER NAME hacked
2017-10-19 07:33:12 UTC[store.multimerchantshop.xyz][983ab1519a8b553ec58125a13bf09471][warning] helper->warning countryCode hacked
2017-10-19 07:35:02 UTC[store.multimerchantshop.xyz][983ab1519a8b553ec58125a13bf09471][warning] helper->warning access IP hacked
2017-10-19 07:35:02 UTC[store.multimerchantshop.xyz][983ab1519a8b553ec58125a13bf09471][warning] helper->warning SERVER NAME hacked
2017-10-19 07:35:04 UTC[store.multimerchantshop.xyz][983ab1519a8b553ec58125a13bf09471][warning] helper->warning countryCode hacked
2017-10-19 07:36:11 UTC[store.multimerchantshop.xyz][983ab1519a8b553ec58125a13bf09471][warning] helper->warning access IP hacked
2017-10-19 07:36:11 UTC[store.multimerchantshop.xyz][983ab1519a8b553ec58125a13bf09471][warning] helper->warning SERVER NAME hacked
2017-10-19 07:36:13 UTC[store.multimerchantshop.xyz][983ab1519a8b553ec58125a13bf09471][warning] helper->warning countryCode hacked
2017-10-19 07:36:21 UTC[store.multimerchantshop.xyz][983ab1519a8b553ec58125a13bf09471][warning] helper->warning access IP hacked
2017-10-19 07:36:21 UTC[store.multimerchantshop.xyz][983ab1519a8b553ec58125a13bf09471][warning] helper->warning SERVER NAME hacked
2017-10-19 07:36:22 UTC[store.multimerchantshop.xyz][983ab1519a8b553ec58125a13bf09471][warning] helper->warning countryCode hacked
2017-10-19 07:36:22 UTC[store.multimerchantshop.xyz][983ab1519a8b553ec58125a13bf09471][warning] helper->warning access IP hacked
2017-10-19 07:36:22 UTC[store.multimerchantshop.xyz][983ab1519a8b553ec58125a13bf09471][warning] helper->warning SERVER NAME hacked
2017-10-19 07:36:24 UTC[store.multimerchantshop.xyz][983ab1519a8b553ec58125a13bf09471][warning] helper->warning countryCode hacked
2017-10-19 07:36:24 UTC[store.multimerchantshop.xyz][983ab1519a8b553ec58125a13bf09471][warning] helper->warning access IP hacked
2017-10-19 07:36:24 UTC[store.multimerchantshop.xyz][983ab1519a8b553ec58125a13bf09471][warning] helper->warning SERVER NAME hacked
2017-10-19 07:36:25 UTC[store.multimerchantshop.xyz][983ab1519a8b553ec58125a13bf09471][warning] helper->warning countryCode hacked
2017-10-19 07:36:25 UTC[store.multimerchantshop.xyz][983ab1519a8b553ec58125a13bf09471][warning] helper->warning access IP hacked
2017-10-19 07:36:25 UTC[store.multimerchantshop.xyz][983ab1519a8b553ec58125a13bf09471][warning] helper->warning SERVER NAME hacked
2017-10-19 07:36:26 UTC[store.multimerchantshop.xyz][983ab1519a8b553ec58125a13bf09471][warning] helper->warning countryCode hacked
2017-10-19 07:36:26 UTC[store.multimerchantshop.xyz][983ab1519a8b553ec58125a13bf09471][warning] helper->warning access IP hacked
2017-10-19 07:36:26 UTC[store.multimerchantshop.xyz][983ab1519a8b553ec58125a13bf09471][warning] helper->warning SERVER NAME hacked
2017-10-19 07:36:27 UTC[store.multimerchantshop.xyz][983ab1519a8b553ec58125a13bf09471][warning] helper->warning countryCode hacked
2017-10-19 07:36:28 UTC[store.multimerchantshop.xyz][983ab1519a8b553ec58125a13bf09471][warning] helper->warning access IP hacked
2017-10-19 07:36:28 UTC[store.multimerchantshop.xyz][983ab1519a8b553ec58125a13bf09471][warning] helper->warning SERVER NAME hacked
2017-10-19 07:36:29 UTC[store.multimerchantshop.xyz][983ab1519a8b553ec58125a13bf09471][warning] helper->warning countryCode hacked
2017-10-19 07:36:29 UTC[store.multimerchantshop.xyz][983ab1519a8b553ec58125a13bf09471][warning] helper->warning access IP hacked
2017-10-19 07:36:29 UTC[store.multimerchantshop.xyz][983ab1519a8b553ec58125a13bf09471][warning] helper->warning SERVER NAME hacked
2017-10-19 07:36:30 UTC[store.multimerchantshop.xyz][983ab1519a8b553ec58125a13bf09471][warning] helper->warning countryCode hacked
2017-10-19 07:36:30 UTC[store.multimerchantshop.xyz][983ab1519a8b553ec58125a13bf09471][warning] helper->warning access IP hacked
2017-10-19 07:36:30 UTC[store.multimerchantshop.xyz][983ab1519a8b553ec58125a13bf09471][warning] helper->warning SERVER NAME hacked
2017-10-19 07:36:31 UTC[store.multimerchantshop.xyz][983ab1519a8b553ec58125a13bf09471][warning] helper->warning countryCode hacked
2017-10-19 07:37:26 UTC[store.multimerchantshop.xyz][983ab1519a8b553ec58125a13bf09471][warning] helper->warning access IP hacked
2017-10-19 07:37:26 UTC[store.multimerchantshop.xyz][983ab1519a8b553ec58125a13bf09471][warning] helper->warning SERVER NAME hacked
2017-10-19 07:37:27 UTC[store.multimerchantshop.xyz][983ab1519a8b553ec58125a13bf09471][warning] helper->warning countryCode hacked
2017-10-19 07:38:06 UTC[store.multimerchantshop.xyz][983ab1519a8b553ec58125a13bf09471][warning] helper->warning access IP hacked
2017-10-19 07:38:06 UTC[store.multimerchantshop.xyz][983ab1519a8b553ec58125a13bf09471][warning] helper->warning SERVER NAME hacked
2017-10-19 07:38:08 UTC[store.multimerchantshop.xyz][983ab1519a8b553ec58125a13bf09471][warning] helper->warning countryCode hacked
2017-10-19 07:40:38 UTC[store.multimerchantshop.xyz][983ab1519a8b553ec58125a13bf09471][warning] helper->warning access IP hacked
2017-10-19 07:40:38 UTC[store.multimerchantshop.xyz][983ab1519a8b553ec58125a13bf09471][warning] helper->warning SERVER NAME hacked
2017-10-19 07:40:39 UTC[store.multimerchantshop.xyz][983ab1519a8b553ec58125a13bf09471][warning] helper->warning countryCode hacked
2017-10-19 07:41:04 UTC[store.multimerchantshop.xyz][983ab1519a8b553ec58125a13bf09471][warning] helper->warning access IP hacked
2017-10-19 07:41:04 UTC[store.multimerchantshop.xyz][983ab1519a8b553ec58125a13bf09471][warning] helper->warning SERVER NAME hacked
2017-10-19 07:41:06 UTC[store.multimerchantshop.xyz][983ab1519a8b553ec58125a13bf09471][warning] helper->warning countryCode hacked
2017-10-19 07:46:49 UTC[store.multimerchantshop.xyz][983ab1519a8b553ec58125a13bf09471][warning] helper->warning access IP hacked
2017-10-19 07:46:49 UTC[store.multimerchantshop.xyz][983ab1519a8b553ec58125a13bf09471][warning] helper->warning SERVER NAME hacked
2017-10-19 07:46:51 UTC[store.multimerchantshop.xyz][983ab1519a8b553ec58125a13bf09471][warning] helper->warning countryCode hacked
2017-10-19 07:48:05 UTC[store.multimerchantshop.xyz][983ab1519a8b553ec58125a13bf09471][warning] helper->warning access IP hacked
2017-10-19 07:48:05 UTC[store.multimerchantshop.xyz][983ab1519a8b553ec58125a13bf09471][warning] helper->warning SERVER NAME hacked
2017-10-19 07:48:06 UTC[store.multimerchantshop.xyz][983ab1519a8b553ec58125a13bf09471][warning] helper->warning countryCode hacked
2017-10-19 07:48:07 UTC[store.multimerchantshop.xyz][983ab1519a8b553ec58125a13bf09471][warning] helper->warning countryCode hacked
2017-10-19 07:48:14 UTC[store.multimerchantshop.xyz][983ab1519a8b553ec58125a13bf09471][warning] helper->warning access IP hacked
2017-10-19 07:48:14 UTC[store.multimerchantshop.xyz][983ab1519a8b553ec58125a13bf09471][warning] helper->warning SERVER NAME hacked
2017-10-19 07:48:15 UTC[store.multimerchantshop.xyz][983ab1519a8b553ec58125a13bf09471][warning] helper->warning countryCode hacked
2017-10-19 07:48:15 UTC[store.multimerchantshop.xyz][983ab1519a8b553ec58125a13bf09471][warning] helper->warning countryCode hacked
2017-10-19 07:49:45 UTC[store.multimerchantshop.xyz][983ab1519a8b553ec58125a13bf09471][warning] helper->warning access IP hacked
2017-10-19 07:49:45 UTC[store.multimerchantshop.xyz][983ab1519a8b553ec58125a13bf09471][warning] helper->warning SERVER NAME hacked
2017-10-19 07:49:46 UTC[store.multimerchantshop.xyz][983ab1519a8b553ec58125a13bf09471][warning] helper->warning countryCode hacked
2017-10-19 07:50:49 UTC[store.multimerchantshop.xyz][983ab1519a8b553ec58125a13bf09471][warning] helper->warning access IP hacked
2017-10-19 07:50:49 UTC[store.multimerchantshop.xyz][983ab1519a8b553ec58125a13bf09471][warning] helper->warning SERVER NAME hacked
2017-10-19 07:50:50 UTC[store.multimerchantshop.xyz][983ab1519a8b553ec58125a13bf09471][warning] helper->warning countryCode hacked
2017-10-19 07:50:51 UTC[store.multimerchantshop.xyz][983ab1519a8b553ec58125a13bf09471][warning] helper->warning countryCode hacked
2017-10-19 07:50:51 UTC[store.multimerchantshop.xyz][983ab1519a8b553ec58125a13bf09471][notice] helper->error_handler Undefined variable: buttom_partial_payment in /var/www/public/vqmod/vqcache/vq2-catalog_view_theme_default_template_checkout_cart.tpl on line 130
2017-10-19 07:51:11 UTC[store.multimerchantshop.xyz][983ab1519a8b553ec58125a13bf09471][warning] helper->warning access IP hacked
2017-10-19 07:51:11 UTC[store.multimerchantshop.xyz][983ab1519a8b553ec58125a13bf09471][warning] helper->warning SERVER NAME hacked
2017-10-19 07:51:12 UTC[store.multimerchantshop.xyz][983ab1519a8b553ec58125a13bf09471][warning] helper->warning countryCode hacked
2017-10-19 07:51:13 UTC[store.multimerchantshop.xyz][983ab1519a8b553ec58125a13bf09471][warning] helper->warning countryCode hacked
2017-10-19 07:52:51 UTC[store.multimerchantshop.xyz][983ab1519a8b553ec58125a13bf09471][warning] helper->warning access IP hacked
2017-10-19 07:52:51 UTC[store.multimerchantshop.xyz][983ab1519a8b553ec58125a13bf09471][warning] helper->warning SERVER NAME hacked
2017-10-19 07:52:53 UTC[store.multimerchantshop.xyz][983ab1519a8b553ec58125a13bf09471][warning] helper->warning countryCode hacked
2017-10-19 07:52:53 UTC[store.multimerchantshop.xyz][983ab1519a8b553ec58125a13bf09471][warning] helper->warning countryCode hacked
2017-10-19 07:52:53 UTC[store.multimerchantshop.xyz][983ab1519a8b553ec58125a13bf09471][warning] helper->warning countryCode hacked
2017-10-19 07:52:53 UTC[store.multimerchantshop.xyz][983ab1519a8b553ec58125a13bf09471][warning] helper->warning countryCode hacked
2017-10-19 07:52:53 UTC[store.multimerchantshop.xyz][983ab1519a8b553ec58125a13bf09471][warning] helper->warning countryCode hacked
2017-10-19 07:52:54 UTC[store.multimerchantshop.xyz][983ab1519a8b553ec58125a13bf09471][warning] helper->warning access IP hacked
2017-10-19 07:52:54 UTC[store.multimerchantshop.xyz][983ab1519a8b553ec58125a13bf09471][warning] helper->warning SERVER NAME hacked
2017-10-19 07:52:55 UTC[store.multimerchantshop.xyz][983ab1519a8b553ec58125a13bf09471][warning] helper->warning countryCode hacked
2017-10-19 07:52:55 UTC[store.multimerchantshop.xyz][983ab1519a8b553ec58125a13bf09471][warning] helper->warning countryCode hacked
2017-10-19 07:52:55 UTC[store.multimerchantshop.xyz][983ab1519a8b553ec58125a13bf09471][warning] helper->warning countryCode hacked
2017-10-19 07:52:55 UTC[store.multimerchantshop.xyz][983ab1519a8b553ec58125a13bf09471][warning] helper->warning countryCode hacked
2017-10-19 07:52:55 UTC[store.multimerchantshop.xyz][983ab1519a8b553ec58125a13bf09471][warning] helper->warning countryCode hacked
2017-10-19 07:53:12 UTC[store.multimerchantshop.xyz][983ab1519a8b553ec58125a13bf09471][warning] helper->warning access IP hacked
2017-10-19 07:53:12 UTC[store.multimerchantshop.xyz][983ab1519a8b553ec58125a13bf09471][warning] helper->warning SERVER NAME hacked
2017-10-19 07:53:13 UTC[store.multimerchantshop.xyz][983ab1519a8b553ec58125a13bf09471][warning] helper->warning countryCode hacked
2017-10-19 07:53:13 UTC[store.multimerchantshop.xyz][983ab1519a8b553ec58125a13bf09471][warning] helper->warning countryCode hacked
2017-10-19 07:53:13 UTC[store.multimerchantshop.xyz][983ab1519a8b553ec58125a13bf09471][warning] helper->warning countryCode hacked
2017-10-19 07:53:13 UTC[store.multimerchantshop.xyz][983ab1519a8b553ec58125a13bf09471][warning] helper->warning countryCode hacked
2017-10-19 07:53:13 UTC[store.multimerchantshop.xyz][983ab1519a8b553ec58125a13bf09471][warning] helper->warning countryCode hacked
2017-10-19 07:53:16 UTC[store.multimerchantshop.xyz][983ab1519a8b553ec58125a13bf09471][warning] helper->warning access IP hacked
2017-10-19 07:53:16 UTC[store.multimerchantshop.xyz][983ab1519a8b553ec58125a13bf09471][warning] helper->warning SERVER NAME hacked
2017-10-19 07:53:17 UTC[store.multimerchantshop.xyz][983ab1519a8b553ec58125a13bf09471][warning] helper->warning countryCode hacked
2017-10-19 07:53:17 UTC[store.multimerchantshop.xyz][983ab1519a8b553ec58125a13bf09471][warning] helper->warning countryCode hacked
2017-10-19 07:53:18 UTC[store.multimerchantshop.xyz][983ab1519a8b553ec58125a13bf09471][warning] helper->warning access IP hacked
2017-10-19 07:53:18 UTC[store.multimerchantshop.xyz][983ab1519a8b553ec58125a13bf09471][warning] helper->warning SERVER NAME hacked
2017-10-19 07:53:24 UTC[store.multimerchantshop.xyz][983ab1519a8b553ec58125a13bf09471][warning] helper->warning access IP hacked
2017-10-19 07:53:24 UTC[store.multimerchantshop.xyz][983ab1519a8b553ec58125a13bf09471][warning] helper->warning SERVER NAME hacked
2017-10-19 07:53:24 UTC[store.multimerchantshop.xyz][983ab1519a8b553ec58125a13bf09471][warning] helper->warning countryCode hacked
2017-10-19 07:53:25 UTC[store.multimerchantshop.xyz][983ab1519a8b553ec58125a13bf09471][warning] helper->warning countryCode hacked
2017-10-19 08:05:21 UTC[store.multimerchantshop.xyz][983ab1519a8b553ec58125a13bf09471][warning] helper->warning access IP hacked
2017-10-19 08:05:21 UTC[store.multimerchantshop.xyz][983ab1519a8b553ec58125a13bf09471][warning] helper->warning SERVER NAME hacked
2017-10-19 08:06:13 UTC[store.multimerchantshop.xyz][983ab1519a8b553ec58125a13bf09471][warning] helper->warning access IP hacked
2017-10-19 08:06:13 UTC[store.multimerchantshop.xyz][983ab1519a8b553ec58125a13bf09471][warning] helper->warning SERVER NAME hacked
2017-10-19 08:06:14 UTC[store.multimerchantshop.xyz][983ab1519a8b553ec58125a13bf09471][warning] helper->warning access IP hacked
2017-10-19 08:06:14 UTC[store.multimerchantshop.xyz][983ab1519a8b553ec58125a13bf09471][warning] helper->warning SERVER NAME hacked
2017-10-19 08:06:58 UTC[store.multimerchantshop.xyz][983ab1519a8b553ec58125a13bf09471][warning] helper->warning access IP hacked
2017-10-19 08:06:58 UTC[store.multimerchantshop.xyz][983ab1519a8b553ec58125a13bf09471][warning] helper->warning SERVER NAME hacked
2017-10-19 08:06:59 UTC[store.multimerchantshop.xyz][983ab1519a8b553ec58125a13bf09471][warning] helper->warning access IP hacked
2017-10-19 08:06:59 UTC[store.multimerchantshop.xyz][983ab1519a8b553ec58125a13bf09471][warning] helper->warning SERVER NAME hacked
2017-10-19 08:08:14 UTC[store.multimerchantshop.xyz][983ab1519a8b553ec58125a13bf09471][warning] helper->warning access IP hacked
2017-10-19 08:08:14 UTC[store.multimerchantshop.xyz][983ab1519a8b553ec58125a13bf09471][warning] helper->warning SERVER NAME hacked
2017-10-19 08:08:15 UTC[store.multimerchantshop.xyz][983ab1519a8b553ec58125a13bf09471][warning] helper->warning access IP hacked
2017-10-19 08:08:15 UTC[store.multimerchantshop.xyz][983ab1519a8b553ec58125a13bf09471][warning] helper->warning SERVER NAME hacked
2017-10-19 08:08:58 UTC[store.multimerchantshop.xyz][983ab1519a8b553ec58125a13bf09471][warning] helper->warning access IP hacked
2017-10-19 08:08:58 UTC[store.multimerchantshop.xyz][983ab1519a8b553ec58125a13bf09471][warning] helper->warning SERVER NAME hacked
2017-10-19 08:08:59 UTC[store.multimerchantshop.xyz][983ab1519a8b553ec58125a13bf09471][warning] helper->warning access IP hacked
2017-10-19 08:08:59 UTC[store.multimerchantshop.xyz][983ab1519a8b553ec58125a13bf09471][warning] helper->warning SERVER NAME hacked
2017-10-19 08:10:29 UTC[store.multimerchantshop.xyz][983ab1519a8b553ec58125a13bf09471][warning] helper->warning access IP hacked
2017-10-19 08:10:29 UTC[store.multimerchantshop.xyz][983ab1519a8b553ec58125a13bf09471][warning] helper->warning SERVER NAME hacked
2017-10-19 08:10:30 UTC[store.multimerchantshop.xyz][983ab1519a8b553ec58125a13bf09471][warning] helper->warning countryCode hacked
2017-10-19 08:10:31 UTC[store.multimerchantshop.xyz][983ab1519a8b553ec58125a13bf09471][warning] helper->warning countryCode hacked
2017-10-19 08:10:31 UTC[store.multimerchantshop.xyz][983ab1519a8b553ec58125a13bf09471][warning] helper->warning access IP hacked
2017-10-19 08:10:31 UTC[store.multimerchantshop.xyz][983ab1519a8b553ec58125a13bf09471][warning] helper->warning SERVER NAME hacked
2017-10-19 08:10:45 UTC[store.multimerchantshop.xyz][983ab1519a8b553ec58125a13bf09471][warning] helper->warning access IP hacked
2017-10-19 08:10:45 UTC[store.multimerchantshop.xyz][983ab1519a8b553ec58125a13bf09471][warning] helper->warning SERVER NAME hacked
2017-10-19 08:10:46 UTC[store.multimerchantshop.xyz][983ab1519a8b553ec58125a13bf09471][warning] helper->warning access IP hacked
2017-10-19 08:10:46 UTC[store.multimerchantshop.xyz][983ab1519a8b553ec58125a13bf09471][warning] helper->warning SERVER NAME hacked
2017-10-19 08:10:47 UTC[store.multimerchantshop.xyz][983ab1519a8b553ec58125a13bf09471][warning] helper->warning countryCode hacked
2017-10-19 08:10:48 UTC[store.multimerchantshop.xyz][983ab1519a8b553ec58125a13bf09471][warning] helper->warning countryCode hacked
2017-10-19 08:14:29 UTC[store.multimerchantshop.xyz][983ab1519a8b553ec58125a13bf09471][warning] helper->warning access IP hacked
2017-10-19 08:14:29 UTC[store.multimerchantshop.xyz][983ab1519a8b553ec58125a13bf09471][warning] helper->warning SERVER NAME hacked
2017-10-19 08:14:31 UTC[store.multimerchantshop.xyz][983ab1519a8b553ec58125a13bf09471][warning] helper->warning access IP hacked
2017-10-19 08:14:31 UTC[store.multimerchantshop.xyz][983ab1519a8b553ec58125a13bf09471][warning] helper->warning SERVER NAME hacked
2017-10-19 08:14:31 UTC[store.multimerchantshop.xyz][983ab1519a8b553ec58125a13bf09471][warning] helper->warning access IP hacked
2017-10-19 08:14:31 UTC[store.multimerchantshop.xyz][983ab1519a8b553ec58125a13bf09471][warning] helper->warning SERVER NAME hacked
2017-10-19 08:14:51 UTC[store.multimerchantshop.xyz][983ab1519a8b553ec58125a13bf09471][warning] helper->warning access IP hacked
2017-10-19 08:14:51 UTC[store.multimerchantshop.xyz][983ab1519a8b553ec58125a13bf09471][warning] helper->warning SERVER NAME hacked
2017-10-19 08:38:15 UTC[store.multimerchantshop.xyz][983ab1519a8b553ec58125a13bf09471][warning] helper->warning access IP hacked
2017-10-19 08:38:15 UTC[store.multimerchantshop.xyz][983ab1519a8b553ec58125a13bf09471][warning] helper->warning SERVER NAME hacked
2017-10-19 08:38:17 UTC[store.multimerchantshop.xyz][983ab1519a8b553ec58125a13bf09471][warning] helper->warning countryCode hacked
2017-10-19 08:38:17 UTC[store.multimerchantshop.xyz][983ab1519a8b553ec58125a13bf09471][warning] helper->warning countryCode hacked
2017-10-19 08:38:18 UTC[store.multimerchantshop.xyz][983ab1519a8b553ec58125a13bf09471][warning] helper->warning access IP hacked
2017-10-19 08:38:18 UTC[store.multimerchantshop.xyz][983ab1519a8b553ec58125a13bf09471][warning] helper->warning SERVER NAME hacked
2017-10-19 08:38:19 UTC[store.multimerchantshop.xyz][983ab1519a8b553ec58125a13bf09471][warning] helper->warning countryCode hacked
2017-10-19 08:38:19 UTC[store.multimerchantshop.xyz][983ab1519a8b553ec58125a13bf09471][warning] helper->warning countryCode hacked
2017-10-19 08:38:19 UTC[store.multimerchantshop.xyz][983ab1519a8b553ec58125a13bf09471][warning] helper->warning countryCode hacked
2017-10-19 08:38:19 UTC[store.multimerchantshop.xyz][983ab1519a8b553ec58125a13bf09471][warning] helper->warning countryCode hacked
2017-10-19 08:38:19 UTC[store.multimerchantshop.xyz][983ab1519a8b553ec58125a13bf09471][warning] helper->warning countryCode hacked
2017-10-19 08:38:20 UTC[store.multimerchantshop.xyz][983ab1519a8b553ec58125a13bf09471][warning] helper->warning access IP hacked
2017-10-19 08:38:20 UTC[store.multimerchantshop.xyz][983ab1519a8b553ec58125a13bf09471][warning] helper->warning SERVER NAME hacked
2017-10-19 08:38:21 UTC[store.multimerchantshop.xyz][983ab1519a8b553ec58125a13bf09471][warning] helper->warning countryCode hacked
2017-10-19 08:38:21 UTC[store.multimerchantshop.xyz][983ab1519a8b553ec58125a13bf09471][warning] helper->warning countryCode hacked
2017-10-19 08:38:21 UTC[store.multimerchantshop.xyz][983ab1519a8b553ec58125a13bf09471][warning] helper->warning countryCode hacked
2017-10-19 08:38:21 UTC[store.multimerchantshop.xyz][983ab1519a8b553ec58125a13bf09471][warning] helper->warning countryCode hacked
2017-10-19 08:38:21 UTC[store.multimerchantshop.xyz][983ab1519a8b553ec58125a13bf09471][warning] helper->warning countryCode hacked
2017-10-19 08:38:52 UTC[store.multimerchantshop.xyz][983ab1519a8b553ec58125a13bf09471][warning] helper->warning access IP hacked
2017-10-19 08:38:52 UTC[store.multimerchantshop.xyz][983ab1519a8b553ec58125a13bf09471][warning] helper->warning SERVER NAME hacked
2017-10-19 08:39:14 UTC[store.multimerchantshop.xyz][983ab1519a8b553ec58125a13bf09471][warning] helper->warning access IP hacked
2017-10-19 08:39:14 UTC[store.multimerchantshop.xyz][983ab1519a8b553ec58125a13bf09471][warning] helper->warning SERVER NAME hacked
2017-10-19 08:39:15 UTC[store.multimerchantshop.xyz][983ab1519a8b553ec58125a13bf09471][warning] helper->warning countryCode hacked
2017-10-19 08:39:16 UTC[store.multimerchantshop.xyz][983ab1519a8b553ec58125a13bf09471][warning] helper->warning countryCode hacked
2017-10-19 08:39:16 UTC[store.multimerchantshop.xyz][983ab1519a8b553ec58125a13bf09471][warning] helper->warning access IP hacked
2017-10-19 08:39:16 UTC[store.multimerchantshop.xyz][983ab1519a8b553ec58125a13bf09471][warning] helper->warning SERVER NAME hacked
2017-10-19 08:39:23 UTC[store.multimerchantshop.xyz][983ab1519a8b553ec58125a13bf09471][warning] helper->warning access IP hacked
2017-10-19 08:39:23 UTC[store.multimerchantshop.xyz][983ab1519a8b553ec58125a13bf09471][warning] helper->warning SERVER NAME hacked
2017-10-19 08:39:24 UTC[store.multimerchantshop.xyz][983ab1519a8b553ec58125a13bf09471][warning] helper->warning access IP hacked
2017-10-19 08:39:24 UTC[store.multimerchantshop.xyz][983ab1519a8b553ec58125a13bf09471][warning] helper->warning SERVER NAME hacked
2017-10-19 08:39:26 UTC[store.multimerchantshop.xyz][983ab1519a8b553ec58125a13bf09471][warning] helper->warning countryCode hacked
2017-10-19 08:39:26 UTC[store.multimerchantshop.xyz][983ab1519a8b553ec58125a13bf09471][warning] helper->warning countryCode hacked
2017-10-19 08:59:11 UTC[store.multimerchantshop.xyz][983ab1519a8b553ec58125a13bf09471][warning] helper->warning access IP hacked
2017-10-19 08:59:11 UTC[store.multimerchantshop.xyz][983ab1519a8b553ec58125a13bf09471][warning] helper->warning SERVER NAME hacked
2017-10-19 08:59:12 UTC[store.multimerchantshop.xyz][983ab1519a8b553ec58125a13bf09471][warning] helper->warning countryCode hacked
2017-10-19 08:59:13 UTC[store.multimerchantshop.xyz][983ab1519a8b553ec58125a13bf09471][warning] helper->warning countryCode hacked
2017-10-19 08:59:13 UTC[store.multimerchantshop.xyz][983ab1519a8b553ec58125a13bf09471][warning] helper->warning access IP hacked
2017-10-19 08:59:13 UTC[store.multimerchantshop.xyz][983ab1519a8b553ec58125a13bf09471][warning] helper->warning SERVER NAME hacked
2017-10-19 09:06:02 UTC[store.multimerchantshop.xyz][983ab1519a8b553ec58125a13bf09471][warning] helper->warning access IP hacked
2017-10-19 09:06:02 UTC[store.multimerchantshop.xyz][983ab1519a8b553ec58125a13bf09471][warning] helper->warning SERVER NAME hacked
2017-10-19 09:06:04 UTC[store.multimerchantshop.xyz][983ab1519a8b553ec58125a13bf09471][warning] helper->warning access IP hacked
2017-10-19 09:06:04 UTC[store.multimerchantshop.xyz][983ab1519a8b553ec58125a13bf09471][warning] helper->warning SERVER NAME hacked
2017-10-19 09:06:05 UTC[store.multimerchantshop.xyz][983ab1519a8b553ec58125a13bf09471][warning] helper->warning countryCode hacked
2017-10-19 09:06:05 UTC[store.multimerchantshop.xyz][983ab1519a8b553ec58125a13bf09471][warning] helper->warning countryCode hacked
2017-10-19 09:07:16 UTC[store.multimerchantshop.xyz][983ab1519a8b553ec58125a13bf09471][warning] helper->warning access IP hacked
2017-10-19 09:07:16 UTC[store.multimerchantshop.xyz][983ab1519a8b553ec58125a13bf09471][warning] helper->warning SERVER NAME hacked
2017-10-19 09:07:17 UTC[store.multimerchantshop.xyz][983ab1519a8b553ec58125a13bf09471][warning] helper->warning countryCode hacked
2017-10-19 09:07:18 UTC[store.multimerchantshop.xyz][983ab1519a8b553ec58125a13bf09471][warning] helper->warning countryCode hacked
2017-10-19 09:07:18 UTC[store.multimerchantshop.xyz][983ab1519a8b553ec58125a13bf09471][warning] helper->warning access IP hacked
2017-10-19 09:07:18 UTC[store.multimerchantshop.xyz][983ab1519a8b553ec58125a13bf09471][warning] helper->warning SERVER NAME hacked
2017-10-19 09:07:19 UTC[store.multimerchantshop.xyz][983ab1519a8b553ec58125a13bf09471][warning] helper->warning access IP hacked
2017-10-19 09:07:19 UTC[store.multimerchantshop.xyz][983ab1519a8b553ec58125a13bf09471][warning] helper->warning SERVER NAME hacked
2017-10-19 09:09:22 UTC[store.multimerchantshop.xyz][983ab1519a8b553ec58125a13bf09471][warning] helper->warning access IP hacked
2017-10-19 09:09:22 UTC[store.multimerchantshop.xyz][983ab1519a8b553ec58125a13bf09471][warning] helper->warning SERVER NAME hacked
2017-10-19 09:09:23 UTC[store.multimerchantshop.xyz][983ab1519a8b553ec58125a13bf09471][warning] helper->warning access IP hacked
2017-10-19 09:09:23 UTC[store.multimerchantshop.xyz][983ab1519a8b553ec58125a13bf09471][warning] helper->warning SERVER NAME hacked
2017-10-19 09:09:25 UTC[store.multimerchantshop.xyz][983ab1519a8b553ec58125a13bf09471][warning] helper->warning countryCode hacked
2017-10-19 09:09:25 UTC[store.multimerchantshop.xyz][983ab1519a8b553ec58125a13bf09471][warning] helper->warning countryCode hacked
2017-10-19 09:13:18 UTC[store.multimerchantshop.xyz][983ab1519a8b553ec58125a13bf09471][warning] helper->warning access IP hacked
2017-10-19 09:13:18 UTC[store.multimerchantshop.xyz][983ab1519a8b553ec58125a13bf09471][warning] helper->warning SERVER NAME hacked
2017-10-19 09:13:19 UTC[store.multimerchantshop.xyz][983ab1519a8b553ec58125a13bf09471][warning] helper->warning countryCode hacked
2017-10-19 09:13:20 UTC[store.multimerchantshop.xyz][983ab1519a8b553ec58125a13bf09471][warning] helper->warning countryCode hacked
2017-10-19 09:13:20 UTC[store.multimerchantshop.xyz][983ab1519a8b553ec58125a13bf09471][warning] helper->warning access IP hacked
2017-10-19 09:13:20 UTC[store.multimerchantshop.xyz][983ab1519a8b553ec58125a13bf09471][warning] helper->warning SERVER NAME hacked
2017-10-19 09:13:21 UTC[store.multimerchantshop.xyz][983ab1519a8b553ec58125a13bf09471][warning] helper->warning access IP hacked
2017-10-19 09:13:21 UTC[store.multimerchantshop.xyz][983ab1519a8b553ec58125a13bf09471][warning] helper->warning SERVER NAME hacked
2017-10-19 09:16:19 UTC[www.oc23.dev][ec9d18f81585d564df497af87eae5b6d][warning] helper->error_handler stream_socket_client(): SSL operation failed with code 1. OpenSSL Error messages:
error:14090086:SSL routines:SSL3_GET_SERVER_CERTIFICATE:certificate verify failed in /var/www/public/system/library/payapi/core/core.validator.php on line 274
2017-10-19 09:16:19 UTC[www.oc23.dev][ec9d18f81585d564df497af87eae5b6d][warning] helper->error_handler stream_socket_client(): Failed to enable crypto in /var/www/public/system/library/payapi/core/core.validator.php on line 274
2017-10-19 09:16:19 UTC[www.oc23.dev][ec9d18f81585d564df497af87eae5b6d][warning] helper->error_handler stream_socket_client(): unable to connect to ssl://www.oc23.dev:443 (Unknown error) in /var/www/public/system/library/payapi/core/core.validator.php on line 274
2017-10-19 09:18:00 UTC[www.oc23.dev][ec9d18f81585d564df497af87eae5b6d][warning] helper->error_handler stream_socket_client(): SSL operation failed with code 1. OpenSSL Error messages:
error:14090086:SSL routines:SSL3_GET_SERVER_CERTIFICATE:certificate verify failed in /var/www/public/system/library/payapi/core/core.validator.php on line 274
2017-10-19 09:18:00 UTC[www.oc23.dev][ec9d18f81585d564df497af87eae5b6d][warning] helper->error_handler stream_socket_client(): Failed to enable crypto in /var/www/public/system/library/payapi/core/core.validator.php on line 274
2017-10-19 09:18:00 UTC[www.oc23.dev][ec9d18f81585d564df497af87eae5b6d][warning] helper->error_handler stream_socket_client(): unable to connect to ssl://www.oc23.dev:443 (Unknown error) in /var/www/public/system/library/payapi/core/core.validator.php on line 274
2017-10-19 09:38:50 UTC[www.oc23.dev][ec9d18f81585d564df497af87eae5b6d][warning] helper->error_handler stream_socket_client(): SSL operation failed with code 1. OpenSSL Error messages:
error:14090086:SSL routines:SSL3_GET_SERVER_CERTIFICATE:certificate verify failed in /var/www/public/system/library/payapi/core/core.validator.php on line 274
2017-10-19 09:38:50 UTC[www.oc23.dev][ec9d18f81585d564df497af87eae5b6d][warning] helper->error_handler stream_socket_client(): Failed to enable crypto in /var/www/public/system/library/payapi/core/core.validator.php on line 274
2017-10-19 09:38:50 UTC[www.oc23.dev][ec9d18f81585d564df497af87eae5b6d][warning] helper->error_handler stream_socket_client(): unable to connect to ssl://www.oc23.dev:443 (Unknown error) in /var/www/public/system/library/payapi/core/core.validator.php on line 274
2017-10-19 10:13:49 UTC[www.oc23.dev][ec9d18f81585d564df497af87eae5b6d][warning] helper->error_handler stream_socket_client(): SSL operation failed with code 1. OpenSSL Error messages:
error:14090086:SSL routines:SSL3_GET_SERVER_CERTIFICATE:certificate verify failed in /var/www/public/system/library/payapi/core/core.validator.php on line 274
2017-10-19 10:13:49 UTC[www.oc23.dev][ec9d18f81585d564df497af87eae5b6d][warning] helper->error_handler stream_socket_client(): Failed to enable crypto in /var/www/public/system/library/payapi/core/core.validator.php on line 274
2017-10-19 10:13:49 UTC[www.oc23.dev][ec9d18f81585d564df497af87eae5b6d][warning] helper->error_handler stream_socket_client(): unable to connect to ssl://www.oc23.dev:443 (Unknown error) in /var/www/public/system/library/payapi/core/core.validator.php on line 274
2017-10-19 10:48:09 UTC[][][warning] helper->error_handler stream_socket_client(): php_network_getaddresses: getaddrinfo failed: Name or service not known in /var/www/public/system/library/payapi/core/core.validator.php on line 274
2017-10-19 10:48:09 UTC[][][warning] helper->error_handler stream_socket_client(): unable to connect to ssl://:443 (php_network_getaddresses: getaddrinfo failed: Name or service not known) in /var/www/public/system/library/payapi/core/core.validator.php on line 274
2017-10-19 10:52:08 UTC[][][warning] helper->warning access IP hacked
2017-10-19 10:52:08 UTC[][][warning] helper->warning SERVER NAME hacked
2017-10-19 10:52:08 UTC[][][warning] helper->error_handler stream_socket_client(): php_network_getaddresses: getaddrinfo failed: Name or service not known in /var/www/public/system/library/payapi/core/core.validator.php on line 274
2017-10-19 10:52:08 UTC[][][warning] helper->error_handler stream_socket_client(): unable to connect to ssl://:443 (php_network_getaddresses: getaddrinfo failed: Name or service not known) in /var/www/public/system/library/payapi/core/core.validator.php on line 274
2017-10-19 10:52:51 UTC[][][warning] helper->warning access IP hacked
2017-10-19 10:52:51 UTC[][][warning] helper->warning SERVER NAME hacked
2017-10-19 10:52:51 UTC[][][warning] helper->error_handler stream_socket_client(): php_network_getaddresses: getaddrinfo failed: Name or service not known in /var/www/public/system/library/payapi/core/core.validator.php on line 274
2017-10-19 10:52:51 UTC[][][warning] helper->error_handler stream_socket_client(): unable to connect to ssl://:443 (php_network_getaddresses: getaddrinfo failed: Name or service not known) in /var/www/public/system/library/payapi/core/core.validator.php on line 274
2017-10-19 10:56:01 UTC[][][warning] helper->warning access IP hacked
2017-10-19 10:56:01 UTC[][][warning] helper->warning SERVER NAME hacked
2017-10-19 10:56:01 UTC[][][warning] helper->error_handler stream_socket_client(): php_network_getaddresses: getaddrinfo failed: Name or service not known in /var/www/public/system/library/payapi/core/core.validator.php on line 274
2017-10-19 10:56:01 UTC[][][warning] helper->error_handler stream_socket_client(): unable to connect to ssl://:443 (php_network_getaddresses: getaddrinfo failed: Name or service not known) in /var/www/public/system/library/payapi/core/core.validator.php on line 274
2017-10-19 10:56:45 UTC[][][warning] helper->warning access IP hacked
2017-10-19 10:56:45 UTC[][][warning] helper->warning SERVER NAME hacked
2017-10-19 10:56:45 UTC[][][warning] helper->error_handler stream_socket_client(): php_network_getaddresses: getaddrinfo failed: Name or service not known in /var/www/public/system/library/payapi/core/core.validator.php on line 274
2017-10-19 10:56:45 UTC[][][warning] helper->error_handler stream_socket_client(): unable to connect to ssl://:443 (php_network_getaddresses: getaddrinfo failed: Name or service not known) in /var/www/public/system/library/payapi/core/core.validator.php on line 274
2017-10-19 10:57:26 UTC[store.multimerchantshop.xyz][983ab1519a8b553ec58125a13bf09471][warning] helper->warning access IP hacked
2017-10-19 10:57:26 UTC[store.multimerchantshop.xyz][983ab1519a8b553ec58125a13bf09471][warning] helper->warning SERVER NAME hacked
2017-10-19 10:57:35 UTC[store.multimerchantshop.xyz][983ab1519a8b553ec58125a13bf09471][warning] helper->warning access IP hacked
2017-10-19 10:57:35 UTC[store.multimerchantshop.xyz][983ab1519a8b553ec58125a13bf09471][warning] helper->warning SERVER NAME hacked
2017-10-19 10:57:56 UTC[store.multimerchantshop.xyz][983ab1519a8b553ec58125a13bf09471][warning] helper->warning access IP hacked
2017-10-19 10:57:56 UTC[store.multimerchantshop.xyz][983ab1519a8b553ec58125a13bf09471][warning] helper->warning SERVER NAME hacked
2017-10-19 10:58:18 UTC[store.multimerchantshop.xyz][983ab1519a8b553ec58125a13bf09471][warning] helper->warning access IP hacked
2017-10-19 10:58:18 UTC[store.multimerchantshop.xyz][983ab1519a8b553ec58125a13bf09471][warning] helper->warning SERVER NAME hacked
2017-10-19 10:58:24 UTC[store.multimerchantshop.xyz][983ab1519a8b553ec58125a13bf09471][warning] helper->warning access IP hacked
2017-10-19 10:58:24 UTC[store.multimerchantshop.xyz][983ab1519a8b553ec58125a13bf09471][warning] helper->warning SERVER NAME hacked
2017-10-19 10:58:27 UTC[store.multimerchantshop.xyz][983ab1519a8b553ec58125a13bf09471][warning] helper->warning access IP hacked
2017-10-19 10:58:27 UTC[store.multimerchantshop.xyz][983ab1519a8b553ec58125a13bf09471][warning] helper->warning SERVER NAME hacked
2017-10-19 10:58:45 UTC[store.multimerchantshop.xyz][983ab1519a8b553ec58125a13bf09471][warning] helper->warning access IP hacked
2017-10-19 10:58:45 UTC[store.multimerchantshop.xyz][983ab1519a8b553ec58125a13bf09471][warning] helper->warning SERVER NAME hacked
2017-10-19 11:01:01 UTC[store.multimerchantshop.xyz][983ab1519a8b553ec58125a13bf09471][warning] helper->warning access IP hacked
2017-10-19 11:01:01 UTC[store.multimerchantshop.xyz][983ab1519a8b553ec58125a13bf09471][warning] helper->warning SERVER NAME hacked
2017-10-19 11:01:06 UTC[store.multimerchantshop.xyz][983ab1519a8b553ec58125a13bf09471][warning] helper->warning access IP hacked
2017-10-19 11:01:06 UTC[store.multimerchantshop.xyz][983ab1519a8b553ec58125a13bf09471][warning] helper->warning SERVER NAME hacked
2017-10-19 11:01:11 UTC[store.multimerchantshop.xyz][983ab1519a8b553ec58125a13bf09471][warning] helper->warning access IP hacked
2017-10-19 11:01:11 UTC[store.multimerchantshop.xyz][983ab1519a8b553ec58125a13bf09471][warning] helper->warning SERVER NAME hacked
2017-10-19 11:01:13 UTC[store.multimerchantshop.xyz][983ab1519a8b553ec58125a13bf09471][warning] helper->warning access IP hacked
2017-10-19 11:01:13 UTC[store.multimerchantshop.xyz][983ab1519a8b553ec58125a13bf09471][warning] helper->warning SERVER NAME hacked
2017-10-19 11:01:54 UTC[store.multimerchantshop.xyz][983ab1519a8b553ec58125a13bf09471][warning] helper->warning access IP hacked
2017-10-19 11:01:54 UTC[store.multimerchantshop.xyz][983ab1519a8b553ec58125a13bf09471][warning] helper->warning SERVER NAME hacked
2017-10-19 11:01:54 UTC[store.multimerchantshop.xyz][983ab1519a8b553ec58125a13bf09471][curl] curl->proccess unexpected response
2017-10-19 11:01:54 UTC[store.multimerchantshop.xyz][983ab1519a8b553ec58125a13bf09471][timeout] curl->proccess https://staging-input.payapi.io/v1/api/merchantSettings/multimerchantshopsdkyfged
2017-10-19 11:02:23 UTC[store.multimerchantshop.xyz][983ab1519a8b553ec58125a13bf09471][warning] helper->warning access IP hacked
2017-10-19 11:02:23 UTC[store.multimerchantshop.xyz][983ab1519a8b553ec58125a13bf09471][warning] helper->warning SERVER NAME hacked
2017-10-19 11:02:26 UTC[store.multimerchantshop.xyz][983ab1519a8b553ec58125a13bf09471][warning] helper->warning access IP hacked
2017-10-19 11:02:26 UTC[store.multimerchantshop.xyz][983ab1519a8b553ec58125a13bf09471][warning] helper->warning SERVER NAME hacked
2017-10-19 11:02:28 UTC[store.multimerchantshop.xyz][983ab1519a8b553ec58125a13bf09471][warning] helper->warning access IP hacked
2017-10-19 11:02:28 UTC[store.multimerchantshop.xyz][983ab1519a8b553ec58125a13bf09471][warning] helper->warning SERVER NAME hacked
2017-10-19 11:03:17 UTC[store.multimerchantshop.xyz][983ab1519a8b553ec58125a13bf09471][warning] helper->warning access IP hacked
2017-10-19 11:03:17 UTC[store.multimerchantshop.xyz][983ab1519a8b553ec58125a13bf09471][warning] helper->warning SERVER NAME hacked
2017-10-19 11:03:36 UTC[store.multimerchantshop.xyz][983ab1519a8b553ec58125a13bf09471][warning] helper->warning access IP hacked
2017-10-19 11:03:36 UTC[store.multimerchantshop.xyz][983ab1519a8b553ec58125a13bf09471][warning] helper->warning SERVER NAME hacked
2017-10-19 11:03:36 UTC[store.multimerchantshop.xyz][983ab1519a8b553ec58125a13bf09471][curl] curl->proccess unexpected response
2017-10-19 11:03:36 UTC[store.multimerchantshop.xyz][983ab1519a8b553ec58125a13bf09471][timeout] curl->proccess https://staging-input.payapi.io/v1/api/merchantSettings/multimerchantshopsdkyfged
2017-10-19 11:12:08 UTC[store.multimerchantshop.xyz][983ab1519a8b553ec58125a13bf09471][warning] helper->warning access IP hacked
2017-10-19 11:12:08 UTC[store.multimerchantshop.xyz][983ab1519a8b553ec58125a13bf09471][warning] helper->warning SERVER NAME hacked
2017-10-19 11:12:08 UTC[store.multimerchantshop.xyz][983ab1519a8b553ec58125a13bf09471][curl] curl->proccess unexpected response
2017-10-19 11:12:08 UTC[store.multimerchantshop.xyz][983ab1519a8b553ec58125a13bf09471][timeout] curl->proccess https://staging-input.payapi.io/v1/api/merchantSettings/multimerchantshopsdkyfged
2017-10-19 11:12:13 UTC[store.multimerchantshop.xyz][983ab1519a8b553ec58125a13bf09471][warning] helper->warning access IP hacked
2017-10-19 11:12:13 UTC[store.multimerchantshop.xyz][983ab1519a8b553ec58125a13bf09471][warning] helper->warning SERVER NAME hacked
2017-10-19 11:12:13 UTC[store.multimerchantshop.xyz][983ab1519a8b553ec58125a13bf09471][curl] curl->proccess unexpected response
2017-10-19 11:12:13 UTC[store.multimerchantshop.xyz][983ab1519a8b553ec58125a13bf09471][timeout] curl->proccess https://staging-input.payapi.io/v1/api/merchantSettings/multimerchantshopsdkyfged
2017-10-19 11:12:17 UTC[store.multimerchantshop.xyz][983ab1519a8b553ec58125a13bf09471][warning] helper->warning access IP hacked
2017-10-19 11:12:17 UTC[store.multimerchantshop.xyz][983ab1519a8b553ec58125a13bf09471][warning] helper->warning SERVER NAME hacked
2017-10-19 11:12:17 UTC[store.multimerchantshop.xyz][983ab1519a8b553ec58125a13bf09471][curl] curl->proccess unexpected response
2017-10-19 11:12:17 UTC[store.multimerchantshop.xyz][983ab1519a8b553ec58125a13bf09471][timeout] curl->proccess https://staging-input.payapi.io/v1/api/merchantSettings/multimerchantshopsdkyfged
2017-10-19 11:12:21 UTC[store.multimerchantshop.xyz][983ab1519a8b553ec58125a13bf09471][warning] helper->warning access IP hacked
2017-10-19 11:12:21 UTC[store.multimerchantshop.xyz][983ab1519a8b553ec58125a13bf09471][warning] helper->warning SERVER NAME hacked
2017-10-19 11:12:21 UTC[store.multimerchantshop.xyz][983ab1519a8b553ec58125a13bf09471][curl] curl->proccess unexpected response
2017-10-19 11:12:21 UTC[store.multimerchantshop.xyz][983ab1519a8b553ec58125a13bf09471][timeout] curl->proccess https://staging-input.payapi.io/v1/api/merchantSettings/multimerchantshopsdkyfged
2017-10-19 11:12:26 UTC[store.multimerchantshop.xyz][983ab1519a8b553ec58125a13bf09471][warning] helper->warning access IP hacked
2017-10-19 11:12:26 UTC[store.multimerchantshop.xyz][983ab1519a8b553ec58125a13bf09471][warning] helper->warning SERVER NAME hacked
2017-10-19 11:12:26 UTC[store.multimerchantshop.xyz][983ab1519a8b553ec58125a13bf09471][curl] curl->proccess unexpected response
2017-10-19 11:12:26 UTC[store.multimerchantshop.xyz][983ab1519a8b553ec58125a13bf09471][timeout] curl->proccess https://staging-input.payapi.io/v1/api/merchantSettings/multimerchantshopsdkyfged
2017-10-19 11:12:43 UTC[store.multimerchantshop.xyz][983ab1519a8b553ec58125a13bf09471][warning] helper->warning access IP hacked
2017-10-19 11:12:43 UTC[store.multimerchantshop.xyz][983ab1519a8b553ec58125a13bf09471][warning] helper->warning SERVER NAME hacked
2017-10-19 11:12:44 UTC[store.multimerchantshop.xyz][983ab1519a8b553ec58125a13bf09471][curl] curl->proccess unexpected response
2017-10-19 11:12:44 UTC[store.multimerchantshop.xyz][983ab1519a8b553ec58125a13bf09471][timeout] curl->proccess https://staging-input.payapi.io/v1/api/merchantSettings/multimerchantshopsdkyfged
2017-10-19 11:12:52 UTC[store.multimerchantshop.xyz][983ab1519a8b553ec58125a13bf09471][warning] helper->warning access IP hacked
2017-10-19 11:12:52 UTC[store.multimerchantshop.xyz][983ab1519a8b553ec58125a13bf09471][warning] helper->warning SERVER NAME hacked
2017-10-19 11:12:52 UTC[store.multimerchantshop.xyz][983ab1519a8b553ec58125a13bf09471][curl] curl->proccess unexpected response
2017-10-19 11:12:52 UTC[store.multimerchantshop.xyz][983ab1519a8b553ec58125a13bf09471][timeout] curl->proccess https://staging-input.payapi.io/v1/api/merchantSettings/multimerchantshopsdkyfged
2017-10-19 11:13:41 UTC[store.multimerchantshop.xyz][983ab1519a8b553ec58125a13bf09471][warning] helper->warning access IP hacked
2017-10-19 11:13:41 UTC[store.multimerchantshop.xyz][983ab1519a8b553ec58125a13bf09471][warning] helper->warning SERVER NAME hacked
2017-10-19 11:13:41 UTC[store.multimerchantshop.xyz][983ab1519a8b553ec58125a13bf09471][curl] curl->proccess unexpected response
2017-10-19 11:13:41 UTC[store.multimerchantshop.xyz][983ab1519a8b553ec58125a13bf09471][timeout] curl->proccess https://staging-input.payapi.io/v1/api/merchantSettings/multimerchantshopsdkyfged
2017-10-19 11:13:45 UTC[store.multimerchantshop.xyz][983ab1519a8b553ec58125a13bf09471][warning] helper->warning access IP hacked
2017-10-19 11:13:45 UTC[store.multimerchantshop.xyz][983ab1519a8b553ec58125a13bf09471][warning] helper->warning SERVER NAME hacked
2017-10-19 11:13:46 UTC[store.multimerchantshop.xyz][983ab1519a8b553ec58125a13bf09471][curl] curl->proccess unexpected response
2017-10-19 11:13:46 UTC[store.multimerchantshop.xyz][983ab1519a8b553ec58125a13bf09471][timeout] curl->proccess https://staging-input.payapi.io/v1/api/merchantSettings/multimerchantshopsdkyfged
2017-10-19 11:13:53 UTC[store.multimerchantshop.xyz][983ab1519a8b553ec58125a13bf09471][warning] helper->warning access IP hacked
2017-10-19 11:13:53 UTC[store.multimerchantshop.xyz][983ab1519a8b553ec58125a13bf09471][warning] helper->warning SERVER NAME hacked
2017-10-19 11:13:53 UTC[store.multimerchantshop.xyz][983ab1519a8b553ec58125a13bf09471][curl] curl->proccess unexpected response
2017-10-19 11:13:53 UTC[store.multimerchantshop.xyz][983ab1519a8b553ec58125a13bf09471][timeout] curl->proccess https://staging-input.payapi.io/v1/api/merchantSettings/multimerchantshopsdkyfged
2017-10-19 11:13:54 UTC[store.multimerchantshop.xyz][983ab1519a8b553ec58125a13bf09471][warning] helper->warning access IP hacked
2017-10-19 11:13:54 UTC[store.multimerchantshop.xyz][983ab1519a8b553ec58125a13bf09471][warning] helper->warning SERVER NAME hacked
2017-10-19 11:13:55 UTC[store.multimerchantshop.xyz][983ab1519a8b553ec58125a13bf09471][curl] curl->proccess unexpected response
2017-10-19 11:13:55 UTC[store.multimerchantshop.xyz][983ab1519a8b553ec58125a13bf09471][timeout] curl->proccess https://staging-input.payapi.io/v1/api/merchantSettings/multimerchantshopsdkyfged
2017-10-19 11:17:02 UTC[store.multimerchantshop.xyz][983ab1519a8b553ec58125a13bf09471][warning] helper->warning access IP hacked
2017-10-19 11:17:02 UTC[store.multimerchantshop.xyz][983ab1519a8b553ec58125a13bf09471][warning] helper->warning SERVER NAME hacked
2017-10-19 11:17:03 UTC[store.multimerchantshop.xyz][983ab1519a8b553ec58125a13bf09471][curl] curl->proccess unexpected response
2017-10-19 11:17:03 UTC[store.multimerchantshop.xyz][983ab1519a8b553ec58125a13bf09471][timeout] curl->proccess https://staging-input.payapi.io/v1/api/merchantSettings/multimerchantshopsdkyfged
2017-10-19 11:18:30 UTC[store.multimerchantshop.xyz][983ab1519a8b553ec58125a13bf09471][warning] helper->warning access IP hacked
2017-10-19 11:18:30 UTC[store.multimerchantshop.xyz][983ab1519a8b553ec58125a13bf09471][warning] helper->warning SERVER NAME hacked
2017-10-19 11:18:53 UTC[store.multimerchantshop.xyz][983ab1519a8b553ec58125a13bf09471][warning] helper->warning access IP hacked
2017-10-19 11:18:53 UTC[store.multimerchantshop.xyz][983ab1519a8b553ec58125a13bf09471][warning] helper->warning SERVER NAME hacked
2017-10-19 11:18:54 UTC[store.multimerchantshop.xyz][983ab1519a8b553ec58125a13bf09471][warning] helper->warning [schema] [reseller] mandatory missed
2017-10-19 11:18:54 UTC[store.multimerchantshop.xyz][983ab1519a8b553ec58125a13bf09471][warning] commandSettings->run no valid settings
2017-10-19 11:19:50 UTC[store.multimerchantshop.xyz][983ab1519a8b553ec58125a13bf09471][warning] helper->warning access IP hacked
2017-10-19 11:19:50 UTC[store.multimerchantshop.xyz][983ab1519a8b553ec58125a13bf09471][warning] helper->warning SERVER NAME hacked
2017-10-19 11:19:50 UTC[store.multimerchantshop.xyz][983ab1519a8b553ec58125a13bf09471][error] cache->delete to delete cache file not found
2017-10-19 11:20:03 UTC[store.multimerchantshop.xyz][983ab1519a8b553ec58125a13bf09471][warning] helper->warning access IP hacked
2017-10-19 11:20:03 UTC[store.multimerchantshop.xyz][983ab1519a8b553ec58125a13bf09471][warning] helper->warning SERVER NAME hacked
2017-10-19 11:20:08 UTC[store.multimerchantshop.xyz][983ab1519a8b553ec58125a13bf09471][warning] helper->warning access IP hacked
2017-10-19 11:20:08 UTC[store.multimerchantshop.xyz][983ab1519a8b553ec58125a13bf09471][warning] helper->warning SERVER NAME hacked
2017-10-19 11:20:32 UTC[store.multimerchantshop.xyz][983ab1519a8b553ec58125a13bf09471][warning] helper->warning access IP hacked
2017-10-19 11:20:32 UTC[store.multimerchantshop.xyz][983ab1519a8b553ec58125a13bf09471][warning] helper->warning SERVER NAME hacked
2017-10-19 11:20:47 UTC[store.multimerchantshop.xyz][983ab1519a8b553ec58125a13bf09471][warning] helper->warning access IP hacked
2017-10-19 11:20:47 UTC[store.multimerchantshop.xyz][983ab1519a8b553ec58125a13bf09471][warning] helper->warning SERVER NAME hacked
2017-10-19 11:21:06 UTC[store.multimerchantshop.xyz][983ab1519a8b553ec58125a13bf09471][warning] helper->warning access IP hacked
2017-10-19 11:21:06 UTC[store.multimerchantshop.xyz][983ab1519a8b553ec58125a13bf09471][warning] helper->warning SERVER NAME hacked
2017-10-19 11:21:15 UTC[store.multimerchantshop.xyz][983ab1519a8b553ec58125a13bf09471][warning] helper->warning access IP hacked
2017-10-19 11:21:15 UTC[store.multimerchantshop.xyz][983ab1519a8b553ec58125a13bf09471][warning] helper->warning SERVER NAME hacked
2017-10-19 11:21:21 UTC[store.multimerchantshop.xyz][983ab1519a8b553ec58125a13bf09471][warning] helper->warning access IP hacked
2017-10-19 11:21:21 UTC[store.multimerchantshop.xyz][983ab1519a8b553ec58125a13bf09471][warning] helper->warning SERVER NAME hacked
2017-10-19 11:21:39 UTC[store.multimerchantshop.xyz][983ab1519a8b553ec58125a13bf09471][warning] helper->warning access IP hacked
2017-10-19 11:21:39 UTC[store.multimerchantshop.xyz][983ab1519a8b553ec58125a13bf09471][warning] helper->warning SERVER NAME hacked
2017-10-19 11:21:46 UTC[store.multimerchantshop.xyz][983ab1519a8b553ec58125a13bf09471][warning] helper->warning access IP hacked
2017-10-19 11:21:46 UTC[store.multimerchantshop.xyz][983ab1519a8b553ec58125a13bf09471][warning] helper->warning SERVER NAME hacked
2017-10-19 11:21:46 UTC[store.multimerchantshop.xyz][983ab1519a8b553ec58125a13bf09471][curl] curl->proccess unexpected response
2017-10-19 11:21:46 UTC[store.multimerchantshop.xyz][983ab1519a8b553ec58125a13bf09471][timeout] curl->proccess https://staging-input.payapi.io/v1/api/merchantSettings/multimerchantshop
2017-10-19 11:21:57 UTC[store.multimerchantshop.xyz][983ab1519a8b553ec58125a13bf09471][warning] helper->warning access IP hacked
2017-10-19 11:21:57 UTC[store.multimerchantshop.xyz][983ab1519a8b553ec58125a13bf09471][warning] helper->warning SERVER NAME hacked
2017-10-19 11:21:57 UTC[store.multimerchantshop.xyz][983ab1519a8b553ec58125a13bf09471][warning] helper->warning [schema] [reseller] mandatory missed
2017-10-19 11:21:57 UTC[store.multimerchantshop.xyz][983ab1519a8b553ec58125a13bf09471][warning] commandSettings->run no valid settings
2017-10-19 11:22:07 UTC[store.multimerchantshop.xyz][983ab1519a8b553ec58125a13bf09471][warning] helper->warning access IP hacked
2017-10-19 11:22:07 UTC[store.multimerchantshop.xyz][983ab1519a8b553ec58125a13bf09471][warning] helper->warning SERVER NAME hacked
2017-10-19 11:22:08 UTC[store.multimerchantshop.xyz][983ab1519a8b553ec58125a13bf09471][warning] helper->warning [schema] [reseller] mandatory missed
2017-10-19 11:22:08 UTC[store.multimerchantshop.xyz][983ab1519a8b553ec58125a13bf09471][warning] commandSettings->run no valid settings
2017-10-19 11:22:27 UTC[store.multimerchantshop.xyz][983ab1519a8b553ec58125a13bf09471][warning] helper->warning access IP hacked
2017-10-19 11:22:27 UTC[store.multimerchantshop.xyz][983ab1519a8b553ec58125a13bf09471][warning] helper->warning SERVER NAME hacked
2017-10-19 11:22:27 UTC[store.multimerchantshop.xyz][983ab1519a8b553ec58125a13bf09471][error] cache->delete to delete cache file not found
2017-10-19 11:22:38 UTC[store.multimerchantshop.xyz][983ab1519a8b553ec58125a13bf09471][warning] helper->warning access IP hacked
2017-10-19 11:22:38 UTC[store.multimerchantshop.xyz][983ab1519a8b553ec58125a13bf09471][warning] helper->warning SERVER NAME hacked
2017-10-19 11:22:51 UTC[store.multimerchantshop.xyz][983ab1519a8b553ec58125a13bf09471][warning] helper->warning access IP hacked
2017-10-19 11:22:51 UTC[store.multimerchantshop.xyz][983ab1519a8b553ec58125a13bf09471][warning] helper->warning SERVER NAME hacked
2017-10-19 11:23:40 UTC[store.multimerchantshop.xyz][983ab1519a8b553ec58125a13bf09471][warning] helper->warning access IP hacked
2017-10-19 11:23:40 UTC[store.multimerchantshop.xyz][983ab1519a8b553ec58125a13bf09471][warning] helper->warning SERVER NAME hacked
2017-10-19 11:24:13 UTC[store.multimerchantshop.xyz][983ab1519a8b553ec58125a13bf09471][warning] helper->warning access IP hacked
2017-10-19 11:24:13 UTC[store.multimerchantshop.xyz][983ab1519a8b553ec58125a13bf09471][warning] helper->warning SERVER NAME hacked
2017-10-19 11:24:14 UTC[store.multimerchantshop.xyz][983ab1519a8b553ec58125a13bf09471][curl] curl->proccess unexpected response
2017-10-19 11:24:14 UTC[store.multimerchantshop.xyz][983ab1519a8b553ec58125a13bf09471][timeout] curl->proccess https://staging-input.payapi.io/v1/api/merchantSettings/multimerchantshop
2017-10-19 11:24:33 UTC[store.multimerchantshop.xyz][983ab1519a8b553ec58125a13bf09471][warning] helper->warning access IP hacked
2017-10-19 11:24:33 UTC[store.multimerchantshop.xyz][983ab1519a8b553ec58125a13bf09471][warning] helper->warning SERVER NAME hacked
2017-10-19 11:24:33 UTC[store.multimerchantshop.xyz][983ab1519a8b553ec58125a13bf09471][warning] helper->warning [schema] [reseller] mandatory missed
2017-10-19 11:24:33 UTC[store.multimerchantshop.xyz][983ab1519a8b553ec58125a13bf09471][warning] commandSettings->run no valid settings
2017-10-19 11:24:44 UTC[store.multimerchantshop.xyz][983ab1519a8b553ec58125a13bf09471][warning] helper->warning access IP hacked
2017-10-19 11:24:44 UTC[store.multimerchantshop.xyz][983ab1519a8b553ec58125a13bf09471][warning] helper->warning SERVER NAME hacked
2017-10-19 11:24:44 UTC[store.multimerchantshop.xyz][983ab1519a8b553ec58125a13bf09471][warning] helper->warning to delete cache file not found
2017-10-19 11:24:54 UTC[store.multimerchantshop.xyz][983ab1519a8b553ec58125a13bf09471][warning] helper->warning access IP hacked
2017-10-19 11:24:54 UTC[store.multimerchantshop.xyz][983ab1519a8b553ec58125a13bf09471][warning] helper->warning SERVER NAME hacked
2017-10-19 11:24:56 UTC[store.multimerchantshop.xyz][983ab1519a8b553ec58125a13bf09471][warning] helper->warning [curl] timeout
2017-10-19 11:25:09 UTC[store.multimerchantshop.xyz][983ab1519a8b553ec58125a13bf09471][warning] helper->warning access IP hacked
2017-10-19 11:25:09 UTC[store.multimerchantshop.xyz][983ab1519a8b553ec58125a13bf09471][warning] helper->warning SERVER NAME hacked
2017-10-19 11:25:21 UTC[store.multimerchantshop.xyz][983ab1519a8b553ec58125a13bf09471][warning] helper->warning access IP hacked
2017-10-19 11:25:21 UTC[store.multimerchantshop.xyz][983ab1519a8b553ec58125a13bf09471][warning] helper->warning SERVER NAME hacked
2017-10-19 11:25:23 UTC[store.multimerchantshop.xyz][983ab1519a8b553ec58125a13bf09471][warning] helper->warning access IP hacked
2017-10-19 11:25:23 UTC[store.multimerchantshop.xyz][983ab1519a8b553ec58125a13bf09471][warning] helper->warning SERVER NAME hacked
2017-10-19 11:25:26 UTC[store.multimerchantshop.xyz][983ab1519a8b553ec58125a13bf09471][warning] helper->warning access IP hacked
2017-10-19 11:25:26 UTC[store.multimerchantshop.xyz][983ab1519a8b553ec58125a13bf09471][warning] helper->warning SERVER NAME hacked
2017-10-19 11:25:29 UTC[store.multimerchantshop.xyz][983ab1519a8b553ec58125a13bf09471][warning] helper->warning access IP hacked
2017-10-19 11:25:29 UTC[store.multimerchantshop.xyz][983ab1519a8b553ec58125a13bf09471][warning] helper->warning SERVER NAME hacked
2017-10-19 11:25:40 UTC[store.multimerchantshop.xyz][983ab1519a8b553ec58125a13bf09471][warning] helper->warning access IP hacked
2017-10-19 11:25:40 UTC[store.multimerchantshop.xyz][983ab1519a8b553ec58125a13bf09471][warning] helper->warning SERVER NAME hacked
2017-10-19 11:29:29 UTC[store.multimerchantshop.xyz][983ab1519a8b553ec58125a13bf09471][warning] helper->warning access IP hacked
2017-10-19 11:29:29 UTC[store.multimerchantshop.xyz][983ab1519a8b553ec58125a13bf09471][warning] helper->warning SERVER NAME hacked
2017-10-19 11:29:40 UTC[store.multimerchantshop.xyz][983ab1519a8b553ec58125a13bf09471][warning] helper->warning access IP hacked
2017-10-19 11:29:40 UTC[store.multimerchantshop.xyz][983ab1519a8b553ec58125a13bf09471][warning] helper->warning SERVER NAME hacked
2017-10-19 11:29:43 UTC[store.multimerchantshop.xyz][983ab1519a8b553ec58125a13bf09471][warning] helper->warning access IP hacked
2017-10-19 11:29:43 UTC[store.multimerchantshop.xyz][983ab1519a8b553ec58125a13bf09471][warning] helper->warning SERVER NAME hacked
2017-10-19 11:29:45 UTC[store.multimerchantshop.xyz][983ab1519a8b553ec58125a13bf09471][warning] helper->warning access IP hacked
2017-10-19 11:29:45 UTC[store.multimerchantshop.xyz][983ab1519a8b553ec58125a13bf09471][warning] helper->warning SERVER NAME hacked
2017-10-19 11:30:33 UTC[store.multimerchantshop.xyz][983ab1519a8b553ec58125a13bf09471][warning] helper->warning access IP hacked
2017-10-19 11:30:33 UTC[store.multimerchantshop.xyz][983ab1519a8b553ec58125a13bf09471][warning] helper->warning SERVER NAME hacked
2017-10-19 11:30:34 UTC[store.multimerchantshop.xyz][983ab1519a8b553ec58125a13bf09471][warning] helper->warning [schema] [reseller] mandatory missed
2017-10-19 11:30:34 UTC[store.multimerchantshop.xyz][983ab1519a8b553ec58125a13bf09471][warning] commandSettings->run no valid settings
2017-10-19 11:30:52 UTC[store.multimerchantshop.xyz][983ab1519a8b553ec58125a13bf09471][warning] helper->warning access IP hacked
2017-10-19 11:30:52 UTC[store.multimerchantshop.xyz][983ab1519a8b553ec58125a13bf09471][warning] helper->warning SERVER NAME hacked
2017-10-19 11:30:53 UTC[store.multimerchantshop.xyz][983ab1519a8b553ec58125a13bf09471][warning] helper->warning [schema] [reseller] mandatory missed
2017-10-19 11:30:53 UTC[store.multimerchantshop.xyz][983ab1519a8b553ec58125a13bf09471][warning] commandSettings->run no valid settings
2017-10-19 11:32:37 UTC[store.multimerchantshop.xyz][983ab1519a8b553ec58125a13bf09471][warning] helper->warning access IP hacked
2017-10-19 11:32:37 UTC[store.multimerchantshop.xyz][983ab1519a8b553ec58125a13bf09471][warning] helper->warning SERVER NAME hacked
2017-10-19 11:32:37 UTC[store.multimerchantshop.xyz][983ab1519a8b553ec58125a13bf09471][warning] helper->warning [schema] [reseller] mandatory missed
2017-10-19 11:32:37 UTC[store.multimerchantshop.xyz][983ab1519a8b553ec58125a13bf09471][warning] commandSettings->run no valid settings
2017-10-19 11:32:53 UTC[store.multimerchantshop.xyz][983ab1519a8b553ec58125a13bf09471][warning] helper->warning access IP hacked
2017-10-19 11:32:53 UTC[store.multimerchantshop.xyz][983ab1519a8b553ec58125a13bf09471][warning] helper->warning SERVER NAME hacked
2017-10-19 11:33:00 UTC[store.multimerchantshop.xyz][983ab1519a8b553ec58125a13bf09471][warning] helper->warning access IP hacked
2017-10-19 11:33:00 UTC[store.multimerchantshop.xyz][983ab1519a8b553ec58125a13bf09471][warning] helper->warning SERVER NAME hacked
2017-10-19 11:33:03 UTC[store.multimerchantshop.xyz][983ab1519a8b553ec58125a13bf09471][warning] helper->warning access IP hacked
2017-10-19 11:33:03 UTC[store.multimerchantshop.xyz][983ab1519a8b553ec58125a13bf09471][warning] helper->warning SERVER NAME hacked
2017-10-19 11:41:43 UTC[store.multimerchantshop.xyz][983ab1519a8b553ec58125a13bf09471][warning] helper->warning access IP hacked
2017-10-19 11:41:43 UTC[store.multimerchantshop.xyz][983ab1519a8b553ec58125a13bf09471][warning] helper->warning SERVER NAME hacked
2017-10-19 11:41:44 UTC[store.multimerchantshop.xyz][983ab1519a8b553ec58125a13bf09471][warning] helper->warning access IP hacked
2017-10-19 11:41:44 UTC[store.multimerchantshop.xyz][983ab1519a8b553ec58125a13bf09471][warning] helper->warning SERVER NAME hacked
2017-10-19 11:41:45 UTC[store.multimerchantshop.xyz][983ab1519a8b553ec58125a13bf09471][warning] helper->warning access IP hacked
2017-10-19 11:41:45 UTC[store.multimerchantshop.xyz][983ab1519a8b553ec58125a13bf09471][warning] helper->warning SERVER NAME hacked
2017-10-19 11:41:45 UTC[store.multimerchantshop.xyz][983ab1519a8b553ec58125a13bf09471][warning] helper->warning access IP hacked
2017-10-19 11:41:45 UTC[store.multimerchantshop.xyz][983ab1519a8b553ec58125a13bf09471][warning] helper->warning SERVER NAME hacked
2017-10-19 11:41:45 UTC[store.multimerchantshop.xyz][983ab1519a8b553ec58125a13bf09471][warning] helper->warning access IP hacked
2017-10-19 11:41:45 UTC[store.multimerchantshop.xyz][983ab1519a8b553ec58125a13bf09471][warning] helper->warning SERVER NAME hacked
2017-10-19 11:42:03 UTC[store.multimerchantshop.xyz][983ab1519a8b553ec58125a13bf09471][warning] helper->warning access IP hacked
2017-10-19 11:42:03 UTC[store.multimerchantshop.xyz][983ab1519a8b553ec58125a13bf09471][warning] helper->warning SERVER NAME hacked
2017-10-19 11:42:03 UTC[store.multimerchantshop.xyz][983ab1519a8b553ec58125a13bf09471][warning] helper->warning access IP hacked
2017-10-19 11:42:03 UTC[store.multimerchantshop.xyz][983ab1519a8b553ec58125a13bf09471][warning] helper->warning SERVER NAME hacked
2017-10-19 11:42:03 UTC[store.multimerchantshop.xyz][983ab1519a8b553ec58125a13bf09471][warning] helper->warning access IP hacked
2017-10-19 11:42:03 UTC[store.multimerchantshop.xyz][983ab1519a8b553ec58125a13bf09471][warning] helper->warning SERVER NAME hacked
2017-10-19 11:42:17 UTC[store.multimerchantshop.xyz][983ab1519a8b553ec58125a13bf09471][warning] helper->warning access IP hacked
2017-10-19 11:42:17 UTC[store.multimerchantshop.xyz][983ab1519a8b553ec58125a13bf09471][warning] helper->warning SERVER NAME hacked
2017-10-19 11:42:17 UTC[store.multimerchantshop.xyz][983ab1519a8b553ec58125a13bf09471][warning] helper->warning access IP hacked
2017-10-19 11:42:17 UTC[store.multimerchantshop.xyz][983ab1519a8b553ec58125a13bf09471][warning] helper->warning SERVER NAME hacked
2017-10-19 11:42:21 UTC[store.multimerchantshop.xyz][983ab1519a8b553ec58125a13bf09471][warning] helper->warning access IP hacked
2017-10-19 11:42:21 UTC[store.multimerchantshop.xyz][983ab1519a8b553ec58125a13bf09471][warning] helper->warning SERVER NAME hacked
2017-10-19 11:42:28 UTC[store.multimerchantshop.xyz][983ab1519a8b553ec58125a13bf09471][warning] helper->warning access IP hacked
2017-10-19 11:42:28 UTC[store.multimerchantshop.xyz][983ab1519a8b553ec58125a13bf09471][warning] helper->warning SERVER NAME hacked
2017-10-19 11:43:07 UTC[store.multimerchantshop.xyz][983ab1519a8b553ec58125a13bf09471][warning] helper->warning access IP hacked
2017-10-19 11:43:07 UTC[store.multimerchantshop.xyz][983ab1519a8b553ec58125a13bf09471][warning] helper->warning SERVER NAME hacked
2017-10-19 11:44:06 UTC[store.multimerchantshop.xyz][983ab1519a8b553ec58125a13bf09471][warning] helper->warning access IP hacked
2017-10-19 11:44:06 UTC[store.multimerchantshop.xyz][983ab1519a8b553ec58125a13bf09471][warning] helper->warning SERVER NAME hacked
2017-10-19 11:44:23 UTC[store.multimerchantshop.xyz][983ab1519a8b553ec58125a13bf09471][warning] helper->warning access IP hacked
2017-10-19 11:44:23 UTC[store.multimerchantshop.xyz][983ab1519a8b553ec58125a13bf09471][warning] helper->warning SERVER NAME hacked
2017-10-19 11:45:40 UTC[store.multimerchantshop.xyz][983ab1519a8b553ec58125a13bf09471][warning] helper->warning access IP hacked
2017-10-19 11:45:40 UTC[store.multimerchantshop.xyz][983ab1519a8b553ec58125a13bf09471][warning] helper->warning SERVER NAME hacked
2017-10-19 11:45:40 UTC[store.multimerchantshop.xyz][983ab1519a8b553ec58125a13bf09471][warning] helper->warning plugin brand defaulted
2017-10-19 11:46:04 UTC[store.multimerchantshop.xyz][983ab1519a8b553ec58125a13bf09471][warning] helper->warning access IP hacked
2017-10-19 11:46:04 UTC[store.multimerchantshop.xyz][983ab1519a8b553ec58125a13bf09471][warning] helper->warning SERVER NAME hacked
2017-10-19 11:46:24 UTC[store.multimerchantshop.xyz][983ab1519a8b553ec58125a13bf09471][warning] helper->warning access IP hacked
2017-10-19 11:46:24 UTC[store.multimerchantshop.xyz][983ab1519a8b553ec58125a13bf09471][warning] helper->warning SERVER NAME hacked
2017-10-19 11:46:37 UTC[store.multimerchantshop.xyz][983ab1519a8b553ec58125a13bf09471][warning] helper->warning access IP hacked
2017-10-19 11:46:37 UTC[store.multimerchantshop.xyz][983ab1519a8b553ec58125a13bf09471][warning] helper->warning SERVER NAME hacked
2017-10-19 11:46:37 UTC[store.multimerchantshop.xyz][983ab1519a8b553ec58125a13bf09471][warning] helper->warning plugin brand defaulted
2017-10-19 11:46:56 UTC[store.multimerchantshop.xyz][983ab1519a8b553ec58125a13bf09471][warning] helper->warning access IP hacked
2017-10-19 11:46:56 UTC[store.multimerchantshop.xyz][983ab1519a8b553ec58125a13bf09471][warning] helper->warning SERVER NAME hacked
2017-10-19 11:47:05 UTC[store.multimerchantshop.xyz][983ab1519a8b553ec58125a13bf09471][warning] helper->warning access IP hacked
2017-10-19 11:47:05 UTC[store.multimerchantshop.xyz][983ab1519a8b553ec58125a13bf09471][warning] helper->warning SERVER NAME hacked
2017-10-19 11:47:05 UTC[store.multimerchantshop.xyz][983ab1519a8b553ec58125a13bf09471][warning] helper->warning [pluginBrand] [internetddcreatives] not available
2017-10-19 11:47:05 UTC[store.multimerchantshop.xyz][983ab1519a8b553ec58125a13bf09471][warning] helper->warning invalid plugin branding
2017-10-19 11:47:05 UTC[store.multimerchantshop.xyz][983ab1519a8b553ec58125a13bf09471][warning] helper->warning plugin brand defaulted
2017-10-19 11:47:08 UTC[store.multimerchantshop.xyz][983ab1519a8b553ec58125a13bf09471][warning] helper->warning access IP hacked
2017-10-19 11:47:08 UTC[store.multimerchantshop.xyz][983ab1519a8b553ec58125a13bf09471][warning] helper->warning SERVER NAME hacked
2017-10-19 11:47:08 UTC[store.multimerchantshop.xyz][983ab1519a8b553ec58125a13bf09471][warning] helper->warning [pluginBrand] [internetddcreatives] not available
2017-10-19 11:47:08 UTC[store.multimerchantshop.xyz][983ab1519a8b553ec58125a13bf09471][warning] helper->warning invalid plugin branding
2017-10-19 11:47:08 UTC[store.multimerchantshop.xyz][983ab1519a8b553ec58125a13bf09471][warning] helper->warning plugin brand defaulted
2017-10-19 11:47:11 UTC[store.multimerchantshop.xyz][983ab1519a8b553ec58125a13bf09471][warning] helper->warning access IP hacked
2017-10-19 11:47:11 UTC[store.multimerchantshop.xyz][983ab1519a8b553ec58125a13bf09471][warning] helper->warning SERVER NAME hacked
2017-10-19 11:47:12 UTC[store.multimerchantshop.xyz][983ab1519a8b553ec58125a13bf09471][warning] helper->warning [pluginBrand] [internetddcreatives] not available
2017-10-19 11:47:12 UTC[store.multimerchantshop.xyz][983ab1519a8b553ec58125a13bf09471][warning] helper->warning invalid plugin branding
2017-10-19 11:47:12 UTC[store.multimerchantshop.xyz][983ab1519a8b553ec58125a13bf09471][warning] helper->warning plugin brand defaulted
2017-10-19 11:56:40 UTC[store.multimerchantshop.xyz][983ab1519a8b553ec58125a13bf09471][warning] helper->warning access IP hacked
2017-10-19 11:56:40 UTC[store.multimerchantshop.xyz][983ab1519a8b553ec58125a13bf09471][warning] helper->warning SERVER NAME hacked
2017-10-19 11:56:44 UTC[store.multimerchantshop.xyz][983ab1519a8b553ec58125a13bf09471][warning] helper->warning access IP hacked
2017-10-19 11:56:44 UTC[store.multimerchantshop.xyz][983ab1519a8b553ec58125a13bf09471][warning] helper->warning SERVER NAME hacked
2017-10-19 11:56:52 UTC[store.multimerchantshop.xyz][983ab1519a8b553ec58125a13bf09471][warning] helper->warning access IP hacked
2017-10-19 11:56:52 UTC[store.multimerchantshop.xyz][983ab1519a8b553ec58125a13bf09471][warning] helper->warning SERVER NAME hacked
2017-10-19 11:56:52 UTC[store.multimerchantshop.xyz][983ab1519a8b553ec58125a13bf09471][warning] helper->warning [pluginBrand] [internetddcreatives] not available
2017-10-19 11:56:52 UTC[store.multimerchantshop.xyz][983ab1519a8b553ec58125a13bf09471][warning] helper->warning invalid plugin branding
2017-10-19 11:56:52 UTC[store.multimerchantshop.xyz][983ab1519a8b553ec58125a13bf09471][warning] helper->warning plugin brand defaulted
2017-10-19 11:56:56 UTC[store.multimerchantshop.xyz][983ab1519a8b553ec58125a13bf09471][warning] helper->warning access IP hacked
2017-10-19 11:56:56 UTC[store.multimerchantshop.xyz][983ab1519a8b553ec58125a13bf09471][warning] helper->warning SERVER NAME hacked
2017-10-19 11:56:56 UTC[store.multimerchantshop.xyz][983ab1519a8b553ec58125a13bf09471][warning] helper->warning [pluginBrand] [internetddcreatives] not available
2017-10-19 11:56:56 UTC[store.multimerchantshop.xyz][983ab1519a8b553ec58125a13bf09471][warning] helper->warning invalid plugin branding
2017-10-19 11:56:56 UTC[store.multimerchantshop.xyz][983ab1519a8b553ec58125a13bf09471][warning] helper->warning plugin brand defaulted
2017-10-19 11:57:09 UTC[store.multimerchantshop.xyz][983ab1519a8b553ec58125a13bf09471][warning] helper->warning access IP hacked
2017-10-19 11:57:09 UTC[store.multimerchantshop.xyz][983ab1519a8b553ec58125a13bf09471][warning] helper->warning SERVER NAME hacked
2017-10-19 11:57:09 UTC[store.multimerchantshop.xyz][983ab1519a8b553ec58125a13bf09471][warning] helper->warning [pluginBrand] [internetddcreatives] not available
2017-10-19 11:57:09 UTC[store.multimerchantshop.xyz][983ab1519a8b553ec58125a13bf09471][warning] helper->warning invalid plugin branding
2017-10-19 11:57:09 UTC[store.multimerchantshop.xyz][983ab1519a8b553ec58125a13bf09471][warning] helper->warning plugin brand defaulted
2017-10-19 11:57:40 UTC[store.multimerchantshop.xyz][983ab1519a8b553ec58125a13bf09471][warning] helper->warning access IP hacked
2017-10-19 11:57:40 UTC[store.multimerchantshop.xyz][983ab1519a8b553ec58125a13bf09471][warning] helper->warning SERVER NAME hacked
2017-10-19 17:53:16 UTC[store.multimerchantshop.xyz][983ab1519a8b553ec58125a13bf09471][warning] helper->warning access IP hacked
2017-10-19 17:53:16 UTC[store.multimerchantshop.xyz][983ab1519a8b553ec58125a13bf09471][warning] helper->warning SERVER NAME hacked
2017-10-19 17:53:17 UTC[store.multimerchantshop.xyz][983ab1519a8b553ec58125a13bf09471][warning] helper->warning countryCode hacked
2017-10-19 17:53:17 UTC[store.multimerchantshop.xyz][983ab1519a8b553ec58125a13bf09471][warning] helper->warning countryCode hacked
2017-10-19 17:53:17 UTC[store.multimerchantshop.xyz][983ab1519a8b553ec58125a13bf09471][warning] helper->warning countryCode hacked
2017-10-19 17:53:17 UTC[store.multimerchantshop.xyz][983ab1519a8b553ec58125a13bf09471][warning] helper->warning countryCode hacked
2017-10-19 17:53:18 UTC[store.multimerchantshop.xyz][983ab1519a8b553ec58125a13bf09471][warning] helper->warning countryCode hacked
2017-10-19 17:53:45 UTC[store.multimerchantshop.xyz][983ab1519a8b553ec58125a13bf09471][warning] helper->warning access IP hacked
2017-10-19 17:53:45 UTC[store.multimerchantshop.xyz][983ab1519a8b553ec58125a13bf09471][warning] helper->warning SERVER NAME hacked
2017-10-19 17:53:46 UTC[store.multimerchantshop.xyz][983ab1519a8b553ec58125a13bf09471][warning] helper->warning countryCode hacked
2017-10-19 17:53:46 UTC[store.multimerchantshop.xyz][983ab1519a8b553ec58125a13bf09471][warning] helper->warning countryCode hacked
2017-10-19 17:53:46 UTC[store.multimerchantshop.xyz][983ab1519a8b553ec58125a13bf09471][warning] helper->warning countryCode hacked
2017-10-19 17:53:46 UTC[store.multimerchantshop.xyz][983ab1519a8b553ec58125a13bf09471][warning] helper->warning countryCode hacked
2017-10-19 17:53:47 UTC[store.multimerchantshop.xyz][983ab1519a8b553ec58125a13bf09471][warning] helper->warning countryCode hacked
