2017-10-12 04:26:18 UTC[store.multimerchantshop.xyz][983ab1519a8b553ec58125a13bf09471][warning] helper->warning access IP hacked
2017-10-12 04:26:18 UTC[store.multimerchantshop.xyz][983ab1519a8b553ec58125a13bf09471][warning] helper->warning SERVER NAME hacked
2017-10-12 04:26:18 UTC[store.multimerchantshop.xyz][983ab1519a8b553ec58125a13bf09471][warning] helper->warning countryCode hacked
2017-10-12 04:26:42 UTC[store.multimerchantshop.xyz][983ab1519a8b553ec58125a13bf09471][warning] helper->warning access IP hacked
2017-10-12 04:26:42 UTC[store.multimerchantshop.xyz][983ab1519a8b553ec58125a13bf09471][warning] helper->warning SERVER NAME hacked
2017-10-12 04:26:43 UTC[store.multimerchantshop.xyz][983ab1519a8b553ec58125a13bf09471][warning] helper->warning countryCode hacked
2017-10-12 04:27:21 UTC[store.multimerchantshop.xyz][983ab1519a8b553ec58125a13bf09471][warning] helper->warning access IP hacked
2017-10-12 04:27:21 UTC[store.multimerchantshop.xyz][983ab1519a8b553ec58125a13bf09471][warning] helper->warning SERVER NAME hacked
2017-10-12 04:27:22 UTC[store.multimerchantshop.xyz][983ab1519a8b553ec58125a13bf09471][warning] helper->warning countryCode hacked
2017-10-12 04:27:40 UTC[store.multimerchantshop.xyz][983ab1519a8b553ec58125a13bf09471][warning] helper->warning access IP hacked
2017-10-12 04:27:40 UTC[store.multimerchantshop.xyz][983ab1519a8b553ec58125a13bf09471][warning] helper->warning SERVER NAME hacked
2017-10-12 04:27:40 UTC[store.multimerchantshop.xyz][983ab1519a8b553ec58125a13bf09471][warning] helper->warning countryCode hacked
2017-10-12 04:42:48 UTC[store.multimerchantshop.xyz][983ab1519a8b553ec58125a13bf09471][warning] helper->warning access IP hacked
2017-10-12 04:42:48 UTC[store.multimerchantshop.xyz][983ab1519a8b553ec58125a13bf09471][warning] helper->warning SERVER NAME hacked
2017-10-12 04:42:58 UTC[store.multimerchantshop.xyz][983ab1519a8b553ec58125a13bf09471][warning] helper->warning access IP hacked
2017-10-12 04:42:58 UTC[store.multimerchantshop.xyz][983ab1519a8b553ec58125a13bf09471][warning] helper->warning SERVER NAME hacked
2017-10-12 04:43:33 UTC[store.multimerchantshop.xyz][983ab1519a8b553ec58125a13bf09471][warning] helper->warning access IP hacked
2017-10-12 04:43:33 UTC[store.multimerchantshop.xyz][983ab1519a8b553ec58125a13bf09471][warning] helper->warning SERVER NAME hacked
2017-10-12 04:43:37 UTC[store.multimerchantshop.xyz][983ab1519a8b553ec58125a13bf09471][warning] helper->warning access IP hacked
2017-10-12 04:43:37 UTC[store.multimerchantshop.xyz][983ab1519a8b553ec58125a13bf09471][warning] helper->warning SERVER NAME hacked
2017-10-12 04:43:39 UTC[store.multimerchantshop.xyz][983ab1519a8b553ec58125a13bf09471][warning] helper->warning access IP hacked
2017-10-12 04:43:39 UTC[store.multimerchantshop.xyz][983ab1519a8b553ec58125a13bf09471][warning] helper->warning SERVER NAME hacked
2017-10-12 04:55:26 UTC[store.multimerchantshop.xyz][983ab1519a8b553ec58125a13bf09471][warning] helper->warning access IP hacked
2017-10-12 04:55:26 UTC[store.multimerchantshop.xyz][983ab1519a8b553ec58125a13bf09471][warning] helper->warning SERVER NAME hacked
2017-10-12 04:55:26 UTC[store.multimerchantshop.xyz][983ab1519a8b553ec58125a13bf09471][warning] helper->warning countryCode hacked
2017-10-12 05:40:44 UTC[store.multimerchantshop.xyz][983ab1519a8b553ec58125a13bf09471][warning] helper->warning access IP hacked
2017-10-12 05:40:44 UTC[store.multimerchantshop.xyz][983ab1519a8b553ec58125a13bf09471][warning] helper->warning SERVER NAME hacked
2017-10-12 05:40:44 UTC[store.multimerchantshop.xyz][983ab1519a8b553ec58125a13bf09471][warning] helper->warning countryCode hacked
2017-10-12 05:40:55 UTC[store.multimerchantshop.xyz][983ab1519a8b553ec58125a13bf09471][warning] helper->warning access IP hacked
2017-10-12 05:40:55 UTC[store.multimerchantshop.xyz][983ab1519a8b553ec58125a13bf09471][warning] helper->warning SERVER NAME hacked
2017-10-12 05:40:57 UTC[store.multimerchantshop.xyz][983ab1519a8b553ec58125a13bf09471][warning] helper->warning access IP hacked
2017-10-12 05:40:57 UTC[store.multimerchantshop.xyz][983ab1519a8b553ec58125a13bf09471][warning] helper->warning SERVER NAME hacked
2017-10-12 08:27:19 UTC[store.multimerchantshop.xyz][983ab1519a8b553ec58125a13bf09471][warning] helper->warning access IP hacked
2017-10-12 08:27:19 UTC[store.multimerchantshop.xyz][983ab1519a8b553ec58125a13bf09471][warning] helper->warning SERVER NAME hacked
2017-10-12 08:27:21 UTC[store.multimerchantshop.xyz][983ab1519a8b553ec58125a13bf09471][warning] helper->warning access IP hacked
2017-10-12 08:27:21 UTC[store.multimerchantshop.xyz][983ab1519a8b553ec58125a13bf09471][warning] helper->warning SERVER NAME hacked
2017-10-12 08:27:49 UTC[store.multimerchantshop.xyz][983ab1519a8b553ec58125a13bf09471][warning] helper->warning access IP hacked
2017-10-12 08:27:49 UTC[store.multimerchantshop.xyz][983ab1519a8b553ec58125a13bf09471][warning] helper->warning SERVER NAME hacked
2017-10-12 08:27:50 UTC[store.multimerchantshop.xyz][983ab1519a8b553ec58125a13bf09471][warning] helper->warning access IP hacked
2017-10-12 08:27:50 UTC[store.multimerchantshop.xyz][983ab1519a8b553ec58125a13bf09471][warning] helper->warning SERVER NAME hacked
2017-10-12 08:32:56 UTC[store.multimerchantshop.xyz][983ab1519a8b553ec58125a13bf09471][warning] helper->warning access IP hacked
2017-10-12 08:32:56 UTC[store.multimerchantshop.xyz][983ab1519a8b553ec58125a13bf09471][warning] helper->warning SERVER NAME hacked
2017-10-12 08:32:57 UTC[store.multimerchantshop.xyz][983ab1519a8b553ec58125a13bf09471][notice] helper->error_handler Undefined variable: product in /var/www/public/system/library/payapi/command/command.product.php on line 35
2017-10-12 08:32:57 UTC[store.multimerchantshop.xyz][983ab1519a8b553ec58125a13bf09471][warning] helper->warning product adaption failed
2017-10-12 08:32:57 UTC[store.multimerchantshop.xyz][983ab1519a8b553ec58125a13bf09471][warning] helper->warning access IP hacked
2017-10-12 08:32:57 UTC[store.multimerchantshop.xyz][983ab1519a8b553ec58125a13bf09471][warning] helper->warning SERVER NAME hacked
2017-10-12 08:33:16 UTC[store.multimerchantshop.xyz][983ab1519a8b553ec58125a13bf09471][warning] helper->warning access IP hacked
2017-10-12 08:33:16 UTC[store.multimerchantshop.xyz][983ab1519a8b553ec58125a13bf09471][warning] helper->warning SERVER NAME hacked
2017-10-12 08:33:17 UTC[store.multimerchantshop.xyz][983ab1519a8b553ec58125a13bf09471][warning] helper->warning access IP hacked
2017-10-12 08:33:17 UTC[store.multimerchantshop.xyz][983ab1519a8b553ec58125a13bf09471][warning] helper->warning SERVER NAME hacked
2017-10-12 08:33:18 UTC[store.multimerchantshop.xyz][983ab1519a8b553ec58125a13bf09471][notice] helper->error_handler Undefined variable: product in /var/www/public/system/library/payapi/command/command.product.php on line 35
2017-10-12 08:33:18 UTC[store.multimerchantshop.xyz][983ab1519a8b553ec58125a13bf09471][warning] helper->warning product adaption failed
2017-10-12 08:35:26 UTC[store.multimerchantshop.xyz][983ab1519a8b553ec58125a13bf09471][warning] helper->warning access IP hacked
2017-10-12 08:35:26 UTC[store.multimerchantshop.xyz][983ab1519a8b553ec58125a13bf09471][warning] helper->warning SERVER NAME hacked
2017-10-12 08:35:27 UTC[store.multimerchantshop.xyz][983ab1519a8b553ec58125a13bf09471][notice] helper->error_handler Undefined variable: product in /var/www/public/system/library/payapi/command/command.product.php on line 35
2017-10-12 08:35:27 UTC[store.multimerchantshop.xyz][983ab1519a8b553ec58125a13bf09471][warning] helper->warning product adaption failed
2017-10-12 08:35:27 UTC[store.multimerchantshop.xyz][983ab1519a8b553ec58125a13bf09471][warning] helper->warning access IP hacked
2017-10-12 08:35:27 UTC[store.multimerchantshop.xyz][983ab1519a8b553ec58125a13bf09471][warning] helper->warning SERVER NAME hacked
2017-10-12 08:39:12 UTC[store.multimerchantshop.xyz][983ab1519a8b553ec58125a13bf09471][warning] helper->warning access IP hacked
2017-10-12 08:39:12 UTC[store.multimerchantshop.xyz][983ab1519a8b553ec58125a13bf09471][warning] helper->warning SERVER NAME hacked
2017-10-12 08:39:14 UTC[store.multimerchantshop.xyz][983ab1519a8b553ec58125a13bf09471][notice] helper->error_handler Undefined variable: product in /var/www/public/system/library/payapi/command/command.product.php on line 35
2017-10-12 08:39:14 UTC[store.multimerchantshop.xyz][983ab1519a8b553ec58125a13bf09471][warning] helper->warning product adaption failed
2017-10-12 08:39:14 UTC[store.multimerchantshop.xyz][983ab1519a8b553ec58125a13bf09471][warning] helper->warning access IP hacked
2017-10-12 08:39:14 UTC[store.multimerchantshop.xyz][983ab1519a8b553ec58125a13bf09471][warning] helper->warning SERVER NAME hacked
2017-10-12 08:39:54 UTC[store.multimerchantshop.xyz][983ab1519a8b553ec58125a13bf09471][warning] helper->warning access IP hacked
2017-10-12 08:39:54 UTC[store.multimerchantshop.xyz][983ab1519a8b553ec58125a13bf09471][warning] helper->warning SERVER NAME hacked
2017-10-12 08:39:56 UTC[store.multimerchantshop.xyz][983ab1519a8b553ec58125a13bf09471][notice] helper->error_handler Undefined variable: value in /var/www/public/system/library/payapi/command/command.product.php on line 55
2017-10-12 08:39:56 UTC[store.multimerchantshop.xyz][983ab1519a8b553ec58125a13bf09471][notice] helper->error_handler Undefined variable: value in /var/www/public/system/library/payapi/command/command.product.php on line 55
2017-10-12 08:39:56 UTC[store.multimerchantshop.xyz][983ab1519a8b553ec58125a13bf09471][notice] helper->error_handler Undefined variable: value in /var/www/public/system/library/payapi/command/command.product.php on line 55
2017-10-12 08:39:56 UTC[store.multimerchantshop.xyz][983ab1519a8b553ec58125a13bf09471][notice] helper->error_handler Undefined variable: value in /var/www/public/system/library/payapi/command/command.product.php on line 55
2017-10-12 08:39:56 UTC[store.multimerchantshop.xyz][983ab1519a8b553ec58125a13bf09471][notice] helper->error_handler Undefined variable: product in /var/www/public/system/library/payapi/command/command.product.php on line 42
2017-10-12 08:39:56 UTC[store.multimerchantshop.xyz][983ab1519a8b553ec58125a13bf09471][warning] helper->warning access IP hacked
2017-10-12 08:39:56 UTC[store.multimerchantshop.xyz][983ab1519a8b553ec58125a13bf09471][warning] helper->warning SERVER NAME hacked
2017-10-12 08:40:11 UTC[store.multimerchantshop.xyz][983ab1519a8b553ec58125a13bf09471][warning] helper->warning access IP hacked
2017-10-12 08:40:11 UTC[store.multimerchantshop.xyz][983ab1519a8b553ec58125a13bf09471][warning] helper->warning SERVER NAME hacked
2017-10-12 08:40:12 UTC[store.multimerchantshop.xyz][983ab1519a8b553ec58125a13bf09471][warning] helper->warning access IP hacked
2017-10-12 08:40:12 UTC[store.multimerchantshop.xyz][983ab1519a8b553ec58125a13bf09471][warning] helper->warning SERVER NAME hacked
2017-10-12 08:40:13 UTC[store.multimerchantshop.xyz][983ab1519a8b553ec58125a13bf09471][warning] helper->warning product adaption failed
2017-10-12 09:37:09 UTC[store.multimerchantshop.xyz][983ab1519a8b553ec58125a13bf09471][warning] helper->warning access IP hacked
2017-10-12 09:37:09 UTC[store.multimerchantshop.xyz][983ab1519a8b553ec58125a13bf09471][warning] helper->warning SERVER NAME hacked
2017-10-12 09:37:10 UTC[store.multimerchantshop.xyz][983ab1519a8b553ec58125a13bf09471][warning] helper->warning access IP hacked
2017-10-12 09:37:10 UTC[store.multimerchantshop.xyz][983ab1519a8b553ec58125a13bf09471][warning] helper->warning SERVER NAME hacked
2017-10-12 09:37:12 UTC[store.multimerchantshop.xyz][983ab1519a8b553ec58125a13bf09471][warning] helper->warning product adaption failed
2017-10-12 09:44:27 UTC[store.multimerchantshop.xyz][983ab1519a8b553ec58125a13bf09471][warning] helper->warning access IP hacked
2017-10-12 09:44:27 UTC[store.multimerchantshop.xyz][983ab1519a8b553ec58125a13bf09471][warning] helper->warning SERVER NAME hacked
2017-10-12 09:44:28 UTC[store.multimerchantshop.xyz][983ab1519a8b553ec58125a13bf09471][warning] helper->warning access IP hacked
2017-10-12 09:44:28 UTC[store.multimerchantshop.xyz][983ab1519a8b553ec58125a13bf09471][warning] helper->warning SERVER NAME hacked
2017-10-12 09:44:30 UTC[store.multimerchantshop.xyz][983ab1519a8b553ec58125a13bf09471][warning] helper->warning product adaption failed
2017-10-12 09:46:13 UTC[store.multimerchantshop.xyz][983ab1519a8b553ec58125a13bf09471][warning] helper->warning access IP hacked
2017-10-12 09:46:13 UTC[store.multimerchantshop.xyz][983ab1519a8b553ec58125a13bf09471][warning] helper->warning SERVER NAME hacked
2017-10-12 09:46:14 UTC[store.multimerchantshop.xyz][983ab1519a8b553ec58125a13bf09471][warning] helper->warning access IP hacked
2017-10-12 09:46:14 UTC[store.multimerchantshop.xyz][983ab1519a8b553ec58125a13bf09471][warning] helper->warning SERVER NAME hacked
2017-10-12 09:46:21 UTC[store.multimerchantshop.xyz][983ab1519a8b553ec58125a13bf09471][warning] helper->warning access IP hacked
2017-10-12 09:46:21 UTC[store.multimerchantshop.xyz][983ab1519a8b553ec58125a13bf09471][warning] helper->warning SERVER NAME hacked
2017-10-12 09:46:29 UTC[store.multimerchantshop.xyz][983ab1519a8b553ec58125a13bf09471][warning] helper->warning access IP hacked
2017-10-12 09:46:29 UTC[store.multimerchantshop.xyz][983ab1519a8b553ec58125a13bf09471][warning] helper->warning SERVER NAME hacked
2017-10-12 09:46:30 UTC[store.multimerchantshop.xyz][983ab1519a8b553ec58125a13bf09471][warning] helper->warning access IP hacked
2017-10-12 09:46:30 UTC[store.multimerchantshop.xyz][983ab1519a8b553ec58125a13bf09471][warning] helper->warning SERVER NAME hacked
2017-10-12 09:46:31 UTC[store.multimerchantshop.xyz][983ab1519a8b553ec58125a13bf09471][warning] helper->warning product adaption failed
2017-10-12 09:48:00 UTC[store.multimerchantshop.xyz][983ab1519a8b553ec58125a13bf09471][warning] helper->warning access IP hacked
2017-10-12 09:48:00 UTC[store.multimerchantshop.xyz][983ab1519a8b553ec58125a13bf09471][warning] helper->warning SERVER NAME hacked
2017-10-12 09:48:01 UTC[store.multimerchantshop.xyz][983ab1519a8b553ec58125a13bf09471][warning] helper->warning product adaption failed
2017-10-12 09:48:01 UTC[store.multimerchantshop.xyz][983ab1519a8b553ec58125a13bf09471][warning] helper->warning access IP hacked
2017-10-12 09:48:01 UTC[store.multimerchantshop.xyz][983ab1519a8b553ec58125a13bf09471][warning] helper->warning SERVER NAME hacked
2017-10-12 09:50:14 UTC[store.multimerchantshop.xyz][983ab1519a8b553ec58125a13bf09471][warning] helper->warning access IP hacked
2017-10-12 09:50:14 UTC[store.multimerchantshop.xyz][983ab1519a8b553ec58125a13bf09471][warning] helper->warning SERVER NAME hacked
2017-10-12 09:50:15 UTC[store.multimerchantshop.xyz][983ab1519a8b553ec58125a13bf09471][warning] helper->warning product adaption failed
2017-10-12 09:50:15 UTC[store.multimerchantshop.xyz][983ab1519a8b553ec58125a13bf09471][warning] helper->warning access IP hacked
2017-10-12 09:50:15 UTC[store.multimerchantshop.xyz][983ab1519a8b553ec58125a13bf09471][warning] helper->warning SERVER NAME hacked
2017-10-12 09:52:29 UTC[store.multimerchantshop.xyz][983ab1519a8b553ec58125a13bf09471][warning] helper->warning access IP hacked
2017-10-12 09:52:29 UTC[store.multimerchantshop.xyz][983ab1519a8b553ec58125a13bf09471][warning] helper->warning SERVER NAME hacked
2017-10-12 09:52:31 UTC[store.multimerchantshop.xyz][983ab1519a8b553ec58125a13bf09471][warning] helper->warning product adaption failed
2017-10-12 09:52:31 UTC[store.multimerchantshop.xyz][983ab1519a8b553ec58125a13bf09471][warning] helper->warning access IP hacked
2017-10-12 09:52:31 UTC[store.multimerchantshop.xyz][983ab1519a8b553ec58125a13bf09471][warning] helper->warning SERVER NAME hacked
2017-10-12 16:03:26 UTC[store.multimerchantshop.xyz][983ab1519a8b553ec58125a13bf09471][warning] helper->warning access IP hacked
2017-10-12 16:03:26 UTC[store.multimerchantshop.xyz][983ab1519a8b553ec58125a13bf09471][warning] helper->warning SERVER NAME hacked
2017-10-12 16:03:28 UTC[store.multimerchantshop.xyz][983ab1519a8b553ec58125a13bf09471][warning] helper->warning product adaption failed
2017-10-12 18:48:42 UTC[store.multimerchantshop.xyz][983ab1519a8b553ec58125a13bf09471][warning] helper->warning access IP hacked
2017-10-12 18:48:42 UTC[store.multimerchantshop.xyz][983ab1519a8b553ec58125a13bf09471][warning] helper->warning SERVER NAME hacked
2017-10-12 18:48:43 UTC[store.multimerchantshop.xyz][983ab1519a8b553ec58125a13bf09471][warning] helper->warning product adaption failed
