2017-10-20 12:41:16 UTC[store.multimerchantshop.xyz][983ab1519a8b553ec58125a13bf09471][warning] helper->warning access IP hacked
2017-10-20 12:41:16 UTC[store.multimerchantshop.xyz][983ab1519a8b553ec58125a13bf09471][warning] helper->warning SERVER NAME hacked
2017-10-20 12:41:27 UTC[store.multimerchantshop.xyz][983ab1519a8b553ec58125a13bf09471][warning] helper->warning access IP hacked
2017-10-20 12:41:27 UTC[store.multimerchantshop.xyz][983ab1519a8b553ec58125a13bf09471][warning] helper->warning SERVER NAME hacked
2017-10-20 12:41:30 UTC[store.multimerchantshop.xyz][983ab1519a8b553ec58125a13bf09471][warning] helper->warning access IP hacked
2017-10-20 12:41:30 UTC[store.multimerchantshop.xyz][983ab1519a8b553ec58125a13bf09471][warning] helper->warning SERVER NAME hacked
2017-10-20 12:41:50 UTC[store.multimerchantshop.xyz][983ab1519a8b553ec58125a13bf09471][warning] helper->warning access IP hacked
2017-10-20 12:41:50 UTC[store.multimerchantshop.xyz][983ab1519a8b553ec58125a13bf09471][warning] helper->warning SERVER NAME hacked
2017-10-20 12:41:52 UTC[store.multimerchantshop.xyz][983ab1519a8b553ec58125a13bf09471][warning] helper->warning access IP hacked
2017-10-20 12:41:52 UTC[store.multimerchantshop.xyz][983ab1519a8b553ec58125a13bf09471][warning] helper->warning SERVER NAME hacked
2017-10-20 12:56:38 UTC[store.multimerchantshop.xyz][983ab1519a8b553ec58125a13bf09471][warning] helper->warning access IP hacked
2017-10-20 12:56:38 UTC[store.multimerchantshop.xyz][983ab1519a8b553ec58125a13bf09471][warning] helper->warning SERVER NAME hacked
2017-10-20 12:56:40 UTC[store.multimerchantshop.xyz][983ab1519a8b553ec58125a13bf09471][warning] helper->warning countryCode hacked
2017-10-20 12:56:40 UTC[store.multimerchantshop.xyz][983ab1519a8b553ec58125a13bf09471][warning] helper->warning countryCode hacked
2017-10-20 12:56:40 UTC[store.multimerchantshop.xyz][983ab1519a8b553ec58125a13bf09471][warning] helper->warning countryCode hacked
2017-10-20 12:56:40 UTC[store.multimerchantshop.xyz][983ab1519a8b553ec58125a13bf09471][warning] helper->warning countryCode hacked
2017-10-20 12:56:41 UTC[store.multimerchantshop.xyz][983ab1519a8b553ec58125a13bf09471][warning] helper->warning countryCode hacked
2017-10-20 12:57:52 UTC[store.multimerchantshop.xyz][983ab1519a8b553ec58125a13bf09471][warning] helper->warning access IP hacked
2017-10-20 12:57:52 UTC[store.multimerchantshop.xyz][983ab1519a8b553ec58125a13bf09471][warning] helper->warning SERVER NAME hacked
2017-10-20 12:57:54 UTC[store.multimerchantshop.xyz][983ab1519a8b553ec58125a13bf09471][warning] helper->warning countryCode hacked
2017-10-20 12:57:54 UTC[store.multimerchantshop.xyz][983ab1519a8b553ec58125a13bf09471][warning] helper->warning countryCode hacked
2017-10-20 12:57:54 UTC[store.multimerchantshop.xyz][983ab1519a8b553ec58125a13bf09471][warning] helper->warning access IP hacked
2017-10-20 12:57:54 UTC[store.multimerchantshop.xyz][983ab1519a8b553ec58125a13bf09471][warning] helper->warning SERVER NAME hacked
2017-10-20 12:58:45 UTC[store.multimerchantshop.xyz][983ab1519a8b553ec58125a13bf09471][warning] helper->warning access IP hacked
2017-10-20 12:58:45 UTC[store.multimerchantshop.xyz][983ab1519a8b553ec58125a13bf09471][warning] helper->warning SERVER NAME hacked
2017-10-20 12:58:47 UTC[store.multimerchantshop.xyz][983ab1519a8b553ec58125a13bf09471][warning] helper->warning access IP hacked
2017-10-20 12:58:47 UTC[store.multimerchantshop.xyz][983ab1519a8b553ec58125a13bf09471][warning] helper->warning SERVER NAME hacked
2017-10-20 12:58:48 UTC[store.multimerchantshop.xyz][983ab1519a8b553ec58125a13bf09471][warning] helper->error_handler Missing argument 1 for payapi\controller::arguments(), called in /var/www/public/system/library/payapi/command/command.partialPayment.php on line 119 and defined in /var/www/public/system/library/payapi/core/core.controller.php on line 158
2017-10-20 12:58:48 UTC[store.multimerchantshop.xyz][983ab1519a8b553ec58125a13bf09471][notice] helper->error_handler Undefined variable: key in /var/www/public/system/library/payapi/core/core.controller.php on line 161
2017-10-20 12:58:48 UTC[store.multimerchantshop.xyz][983ab1519a8b553ec58125a13bf09471][warning] helper->warning countryCode hacked
2017-10-20 12:58:49 UTC[store.multimerchantshop.xyz][983ab1519a8b553ec58125a13bf09471][warning] helper->error_handler Missing argument 1 for payapi\controller::arguments(), called in /var/www/public/system/library/payapi/command/command.partialPayment.php on line 119 and defined in /var/www/public/system/library/payapi/core/core.controller.php on line 158
2017-10-20 12:58:49 UTC[store.multimerchantshop.xyz][983ab1519a8b553ec58125a13bf09471][notice] helper->error_handler Undefined variable: key in /var/www/public/system/library/payapi/core/core.controller.php on line 161
2017-10-20 12:58:49 UTC[store.multimerchantshop.xyz][983ab1519a8b553ec58125a13bf09471][warning] helper->warning countryCode hacked
2017-10-20 12:59:51 UTC[store.multimerchantshop.xyz][983ab1519a8b553ec58125a13bf09471][warning] helper->warning access IP hacked
2017-10-20 12:59:51 UTC[store.multimerchantshop.xyz][983ab1519a8b553ec58125a13bf09471][warning] helper->warning SERVER NAME hacked
2017-10-20 12:59:53 UTC[store.multimerchantshop.xyz][983ab1519a8b553ec58125a13bf09471][warning] helper->warning access IP hacked
2017-10-20 12:59:53 UTC[store.multimerchantshop.xyz][983ab1519a8b553ec58125a13bf09471][warning] helper->warning SERVER NAME hacked
2017-10-20 13:01:11 UTC[store.multimerchantshop.xyz][983ab1519a8b553ec58125a13bf09471][warning] helper->warning access IP hacked
2017-10-20 13:01:11 UTC[store.multimerchantshop.xyz][983ab1519a8b553ec58125a13bf09471][warning] helper->warning SERVER NAME hacked
2017-10-20 13:01:13 UTC[store.multimerchantshop.xyz][983ab1519a8b553ec58125a13bf09471][warning] helper->warning access IP hacked
2017-10-20 13:01:13 UTC[store.multimerchantshop.xyz][983ab1519a8b553ec58125a13bf09471][warning] helper->warning SERVER NAME hacked
2017-10-20 13:01:15 UTC[store.multimerchantshop.xyz][983ab1519a8b553ec58125a13bf09471][notice] helper->error_handler Undefined property: payapi\commandPartialPayment::$arguments in /var/www/public/system/library/payapi/command/command.partialPayment.php on line 119
2017-10-20 13:01:48 UTC[store.multimerchantshop.xyz][983ab1519a8b553ec58125a13bf09471][warning] helper->warning access IP hacked
2017-10-20 13:01:48 UTC[store.multimerchantshop.xyz][983ab1519a8b553ec58125a13bf09471][warning] helper->warning SERVER NAME hacked
2017-10-20 13:01:50 UTC[store.multimerchantshop.xyz][983ab1519a8b553ec58125a13bf09471][warning] helper->warning access IP hacked
2017-10-20 13:01:50 UTC[store.multimerchantshop.xyz][983ab1519a8b553ec58125a13bf09471][warning] helper->warning SERVER NAME hacked
2017-10-20 13:03:31 UTC[store.multimerchantshop.xyz][983ab1519a8b553ec58125a13bf09471][warning] helper->warning access IP hacked
2017-10-20 13:03:31 UTC[store.multimerchantshop.xyz][983ab1519a8b553ec58125a13bf09471][warning] helper->warning SERVER NAME hacked
2017-10-20 13:04:20 UTC[store.multimerchantshop.xyz][983ab1519a8b553ec58125a13bf09471][warning] helper->warning access IP hacked
2017-10-20 13:04:20 UTC[store.multimerchantshop.xyz][983ab1519a8b553ec58125a13bf09471][warning] helper->warning SERVER NAME hacked
2017-10-20 13:04:48 UTC[store.multimerchantshop.xyz][983ab1519a8b553ec58125a13bf09471][warning] helper->warning access IP hacked
2017-10-20 13:04:48 UTC[store.multimerchantshop.xyz][983ab1519a8b553ec58125a13bf09471][warning] helper->warning SERVER NAME hacked
2017-10-20 13:05:58 UTC[store.multimerchantshop.xyz][983ab1519a8b553ec58125a13bf09471][warning] helper->warning access IP hacked
2017-10-20 13:05:58 UTC[store.multimerchantshop.xyz][983ab1519a8b553ec58125a13bf09471][warning] helper->warning SERVER NAME hacked
2017-10-20 13:08:53 UTC[store.multimerchantshop.xyz][983ab1519a8b553ec58125a13bf09471][warning] helper->warning access IP hacked
2017-10-20 13:08:53 UTC[store.multimerchantshop.xyz][983ab1519a8b553ec58125a13bf09471][warning] helper->warning SERVER NAME hacked
2017-10-20 13:08:56 UTC[store.multimerchantshop.xyz][983ab1519a8b553ec58125a13bf09471][warning] helper->warning access IP hacked
2017-10-20 13:08:56 UTC[store.multimerchantshop.xyz][983ab1519a8b553ec58125a13bf09471][warning] helper->warning SERVER NAME hacked
2017-10-20 13:09:46 UTC[store.multimerchantshop.xyz][983ab1519a8b553ec58125a13bf09471][warning] helper->warning access IP hacked
2017-10-20 13:09:46 UTC[store.multimerchantshop.xyz][983ab1519a8b553ec58125a13bf09471][warning] helper->warning SERVER NAME hacked
2017-10-20 13:09:47 UTC[store.multimerchantshop.xyz][983ab1519a8b553ec58125a13bf09471][notice] helper->error_handler Array to string conversion in /var/www/public/system/library/payapi/command/command.partialPayment.php on line 119
2017-10-20 13:09:47 UTC[store.multimerchantshop.xyz][983ab1519a8b553ec58125a13bf09471][notice] helper->error_handler Array to string conversion in /var/www/public/system/library/payapi/command/command.partialPayment.php on line 119
2017-10-20 13:09:48 UTC[store.multimerchantshop.xyz][983ab1519a8b553ec58125a13bf09471][warning] helper->warning access IP hacked
2017-10-20 13:09:48 UTC[store.multimerchantshop.xyz][983ab1519a8b553ec58125a13bf09471][warning] helper->warning SERVER NAME hacked
2017-10-20 13:10:16 UTC[store.multimerchantshop.xyz][983ab1519a8b553ec58125a13bf09471][warning] helper->warning access IP hacked
2017-10-20 13:10:16 UTC[store.multimerchantshop.xyz][983ab1519a8b553ec58125a13bf09471][warning] helper->warning SERVER NAME hacked
2017-10-20 13:10:18 UTC[store.multimerchantshop.xyz][983ab1519a8b553ec58125a13bf09471][warning] helper->warning access IP hacked
2017-10-20 13:10:18 UTC[store.multimerchantshop.xyz][983ab1519a8b553ec58125a13bf09471][warning] helper->warning SERVER NAME hacked
2017-10-20 13:10:55 UTC[store.multimerchantshop.xyz][983ab1519a8b553ec58125a13bf09471][warning] helper->warning access IP hacked
2017-10-20 13:10:55 UTC[store.multimerchantshop.xyz][983ab1519a8b553ec58125a13bf09471][warning] helper->warning SERVER NAME hacked
2017-10-20 13:10:56 UTC[store.multimerchantshop.xyz][983ab1519a8b553ec58125a13bf09471][warning] helper->warning access IP hacked
2017-10-20 13:10:56 UTC[store.multimerchantshop.xyz][983ab1519a8b553ec58125a13bf09471][warning] helper->warning SERVER NAME hacked
2017-10-20 13:14:59 UTC[store.multimerchantshop.xyz][983ab1519a8b553ec58125a13bf09471][warning] helper->warning access IP hacked
2017-10-20 13:14:59 UTC[store.multimerchantshop.xyz][983ab1519a8b553ec58125a13bf09471][warning] helper->warning SERVER NAME hacked
2017-10-20 13:15:14 UTC[store.multimerchantshop.xyz][983ab1519a8b553ec58125a13bf09471][warning] helper->warning access IP hacked
2017-10-20 13:15:14 UTC[store.multimerchantshop.xyz][983ab1519a8b553ec58125a13bf09471][warning] helper->warning SERVER NAME hacked
2017-10-20 13:15:16 UTC[store.multimerchantshop.xyz][983ab1519a8b553ec58125a13bf09471][warning] helper->warning access IP hacked
2017-10-20 13:15:16 UTC[store.multimerchantshop.xyz][983ab1519a8b553ec58125a13bf09471][warning] helper->warning SERVER NAME hacked
2017-10-20 13:20:53 UTC[store.multimerchantshop.xyz][983ab1519a8b553ec58125a13bf09471][warning] helper->warning access IP hacked
2017-10-20 13:20:53 UTC[store.multimerchantshop.xyz][983ab1519a8b553ec58125a13bf09471][warning] helper->warning SERVER NAME hacked
2017-10-20 13:20:56 UTC[store.multimerchantshop.xyz][983ab1519a8b553ec58125a13bf09471][warning] helper->warning access IP hacked
2017-10-20 13:20:56 UTC[store.multimerchantshop.xyz][983ab1519a8b553ec58125a13bf09471][warning] helper->warning SERVER NAME hacked
2017-10-20 13:22:39 UTC[store.multimerchantshop.xyz][983ab1519a8b553ec58125a13bf09471][warning] helper->warning access IP hacked
2017-10-20 13:22:39 UTC[store.multimerchantshop.xyz][983ab1519a8b553ec58125a13bf09471][warning] helper->warning SERVER NAME hacked
2017-10-20 13:22:40 UTC[store.multimerchantshop.xyz][983ab1519a8b553ec58125a13bf09471][warning] helper->warning access IP hacked
2017-10-20 13:22:40 UTC[store.multimerchantshop.xyz][983ab1519a8b553ec58125a13bf09471][warning] helper->warning SERVER NAME hacked
2017-10-20 13:22:41 UTC[store.multimerchantshop.xyz][983ab1519a8b553ec58125a13bf09471][warning] helper->warning access IP hacked
2017-10-20 13:22:41 UTC[store.multimerchantshop.xyz][983ab1519a8b553ec58125a13bf09471][warning] helper->warning SERVER NAME hacked
2017-10-20 13:24:27 UTC[store.multimerchantshop.xyz][983ab1519a8b553ec58125a13bf09471][warning] helper->warning access IP hacked
2017-10-20 13:24:27 UTC[store.multimerchantshop.xyz][983ab1519a8b553ec58125a13bf09471][warning] helper->warning SERVER NAME hacked
2017-10-20 13:24:28 UTC[store.multimerchantshop.xyz][983ab1519a8b553ec58125a13bf09471][warning] helper->warning access IP hacked
2017-10-20 13:24:28 UTC[store.multimerchantshop.xyz][983ab1519a8b553ec58125a13bf09471][warning] helper->warning SERVER NAME hacked
2017-10-20 13:24:30 UTC[store.multimerchantshop.xyz][983ab1519a8b553ec58125a13bf09471][warning] helper->warning access IP hacked
2017-10-20 13:24:30 UTC[store.multimerchantshop.xyz][983ab1519a8b553ec58125a13bf09471][warning] helper->warning SERVER NAME hacked
2017-10-20 13:24:49 UTC[store.multimerchantshop.xyz][983ab1519a8b553ec58125a13bf09471][warning] helper->warning access IP hacked
2017-10-20 13:24:49 UTC[store.multimerchantshop.xyz][983ab1519a8b553ec58125a13bf09471][warning] helper->warning SERVER NAME hacked
2017-10-20 13:24:50 UTC[store.multimerchantshop.xyz][983ab1519a8b553ec58125a13bf09471][warning] helper->warning access IP hacked
2017-10-20 13:24:50 UTC[store.multimerchantshop.xyz][983ab1519a8b553ec58125a13bf09471][warning] helper->warning SERVER NAME hacked
2017-10-20 13:25:59 UTC[store.multimerchantshop.xyz][983ab1519a8b553ec58125a13bf09471][warning] helper->warning access IP hacked
2017-10-20 13:25:59 UTC[store.multimerchantshop.xyz][983ab1519a8b553ec58125a13bf09471][warning] helper->warning SERVER NAME hacked
2017-10-20 13:26:00 UTC[store.multimerchantshop.xyz][983ab1519a8b553ec58125a13bf09471][warning] helper->warning access IP hacked
2017-10-20 13:26:00 UTC[store.multimerchantshop.xyz][983ab1519a8b553ec58125a13bf09471][warning] helper->warning SERVER NAME hacked
2017-10-20 13:27:02 UTC[store.multimerchantshop.xyz][983ab1519a8b553ec58125a13bf09471][warning] helper->warning access IP hacked
2017-10-20 13:27:02 UTC[store.multimerchantshop.xyz][983ab1519a8b553ec58125a13bf09471][warning] helper->warning SERVER NAME hacked
2017-10-20 13:27:04 UTC[store.multimerchantshop.xyz][983ab1519a8b553ec58125a13bf09471][warning] helper->warning access IP hacked
2017-10-20 13:27:04 UTC[store.multimerchantshop.xyz][983ab1519a8b553ec58125a13bf09471][warning] helper->warning SERVER NAME hacked
2017-10-20 13:27:52 UTC[store.multimerchantshop.xyz][983ab1519a8b553ec58125a13bf09471][warning] helper->warning access IP hacked
2017-10-20 13:27:52 UTC[store.multimerchantshop.xyz][983ab1519a8b553ec58125a13bf09471][warning] helper->warning SERVER NAME hacked
2017-10-20 13:27:53 UTC[store.multimerchantshop.xyz][983ab1519a8b553ec58125a13bf09471][warning] helper->warning access IP hacked
2017-10-20 13:27:53 UTC[store.multimerchantshop.xyz][983ab1519a8b553ec58125a13bf09471][warning] helper->warning SERVER NAME hacked
2017-10-20 13:28:32 UTC[store.multimerchantshop.xyz][983ab1519a8b553ec58125a13bf09471][warning] helper->warning access IP hacked
2017-10-20 13:28:32 UTC[store.multimerchantshop.xyz][983ab1519a8b553ec58125a13bf09471][warning] helper->warning SERVER NAME hacked
2017-10-20 13:28:33 UTC[store.multimerchantshop.xyz][983ab1519a8b553ec58125a13bf09471][warning] helper->warning access IP hacked
2017-10-20 13:28:33 UTC[store.multimerchantshop.xyz][983ab1519a8b553ec58125a13bf09471][warning] helper->warning SERVER NAME hacked
2017-10-20 13:42:17 UTC[store.multimerchantshop.xyz][983ab1519a8b553ec58125a13bf09471][warning] helper->warning access IP hacked
2017-10-20 13:42:17 UTC[store.multimerchantshop.xyz][983ab1519a8b553ec58125a13bf09471][warning] helper->warning SERVER NAME hacked
2017-10-20 13:42:20 UTC[store.multimerchantshop.xyz][983ab1519a8b553ec58125a13bf09471][warning] helper->warning access IP hacked
2017-10-20 13:42:20 UTC[store.multimerchantshop.xyz][983ab1519a8b553ec58125a13bf09471][warning] helper->warning SERVER NAME hacked
2017-10-20 14:09:09 UTC[store.multimerchantshop.xyz][983ab1519a8b553ec58125a13bf09471][warning] helper->warning access IP hacked
2017-10-20 14:09:09 UTC[store.multimerchantshop.xyz][983ab1519a8b553ec58125a13bf09471][warning] helper->warning SERVER NAME hacked
2017-10-20 14:10:22 UTC[store.multimerchantshop.xyz][983ab1519a8b553ec58125a13bf09471][warning] helper->warning access IP hacked
2017-10-20 14:10:22 UTC[store.multimerchantshop.xyz][983ab1519a8b553ec58125a13bf09471][warning] helper->warning SERVER NAME hacked
2017-10-20 14:10:25 UTC[store.multimerchantshop.xyz][983ab1519a8b553ec58125a13bf09471][warning] helper->warning access IP hacked
2017-10-20 14:10:25 UTC[store.multimerchantshop.xyz][983ab1519a8b553ec58125a13bf09471][warning] helper->warning SERVER NAME hacked
2017-10-20 14:22:39 UTC[store.multimerchantshop.xyz][983ab1519a8b553ec58125a13bf09471][warning] helper->warning access IP hacked
2017-10-20 14:22:39 UTC[store.multimerchantshop.xyz][983ab1519a8b553ec58125a13bf09471][warning] helper->warning SERVER NAME hacked
2017-10-20 14:22:41 UTC[store.multimerchantshop.xyz][983ab1519a8b553ec58125a13bf09471][warning] helper->warning access IP hacked
2017-10-20 14:22:41 UTC[store.multimerchantshop.xyz][983ab1519a8b553ec58125a13bf09471][warning] helper->warning SERVER NAME hacked
2017-10-20 14:23:40 UTC[store.multimerchantshop.xyz][983ab1519a8b553ec58125a13bf09471][warning] helper->warning access IP hacked
2017-10-20 14:23:40 UTC[store.multimerchantshop.xyz][983ab1519a8b553ec58125a13bf09471][warning] helper->warning SERVER NAME hacked
2017-10-20 14:23:42 UTC[store.multimerchantshop.xyz][983ab1519a8b553ec58125a13bf09471][warning] helper->warning access IP hacked
2017-10-20 14:23:42 UTC[store.multimerchantshop.xyz][983ab1519a8b553ec58125a13bf09471][warning] helper->warning SERVER NAME hacked
2017-10-20 14:25:08 UTC[store.multimerchantshop.xyz][983ab1519a8b553ec58125a13bf09471][warning] helper->warning access IP hacked
2017-10-20 14:25:08 UTC[store.multimerchantshop.xyz][983ab1519a8b553ec58125a13bf09471][warning] helper->warning SERVER NAME hacked
2017-10-20 14:25:10 UTC[store.multimerchantshop.xyz][983ab1519a8b553ec58125a13bf09471][warning] helper->warning access IP hacked
2017-10-20 14:25:10 UTC[store.multimerchantshop.xyz][983ab1519a8b553ec58125a13bf09471][warning] helper->warning SERVER NAME hacked
2017-10-20 14:25:24 UTC[store.multimerchantshop.xyz][983ab1519a8b553ec58125a13bf09471][warning] helper->warning access IP hacked
2017-10-20 14:25:24 UTC[store.multimerchantshop.xyz][983ab1519a8b553ec58125a13bf09471][warning] helper->warning SERVER NAME hacked
2017-10-20 14:25:28 UTC[store.multimerchantshop.xyz][983ab1519a8b553ec58125a13bf09471][warning] helper->warning access IP hacked
2017-10-20 14:25:28 UTC[store.multimerchantshop.xyz][983ab1519a8b553ec58125a13bf09471][warning] helper->warning SERVER NAME hacked
2017-10-20 14:29:27 UTC[store.multimerchantshop.xyz][983ab1519a8b553ec58125a13bf09471][warning] helper->warning access IP hacked
2017-10-20 14:29:27 UTC[store.multimerchantshop.xyz][983ab1519a8b553ec58125a13bf09471][warning] helper->warning SERVER NAME hacked
2017-10-20 14:29:28 UTC[store.multimerchantshop.xyz][983ab1519a8b553ec58125a13bf09471][warning] helper->warning access IP hacked
2017-10-20 14:29:28 UTC[store.multimerchantshop.xyz][983ab1519a8b553ec58125a13bf09471][warning] helper->warning SERVER NAME hacked
2017-10-20 14:35:25 UTC[store.multimerchantshop.xyz][983ab1519a8b553ec58125a13bf09471][warning] helper->warning access IP hacked
2017-10-20 14:35:25 UTC[store.multimerchantshop.xyz][983ab1519a8b553ec58125a13bf09471][warning] helper->warning SERVER NAME hacked
2017-10-20 14:35:26 UTC[store.multimerchantshop.xyz][983ab1519a8b553ec58125a13bf09471][warning] helper->warning access IP hacked
2017-10-20 14:35:26 UTC[store.multimerchantshop.xyz][983ab1519a8b553ec58125a13bf09471][warning] helper->warning SERVER NAME hacked
2017-10-20 14:37:01 UTC[store.multimerchantshop.xyz][983ab1519a8b553ec58125a13bf09471][warning] helper->warning access IP hacked
2017-10-20 14:37:01 UTC[store.multimerchantshop.xyz][983ab1519a8b553ec58125a13bf09471][warning] helper->warning SERVER NAME hacked
2017-10-20 14:37:02 UTC[store.multimerchantshop.xyz][983ab1519a8b553ec58125a13bf09471][warning] helper->warning access IP hacked
2017-10-20 14:37:02 UTC[store.multimerchantshop.xyz][983ab1519a8b553ec58125a13bf09471][warning] helper->warning SERVER NAME hacked
2017-10-20 14:37:34 UTC[store.multimerchantshop.xyz][983ab1519a8b553ec58125a13bf09471][warning] helper->warning access IP hacked
2017-10-20 14:37:34 UTC[store.multimerchantshop.xyz][983ab1519a8b553ec58125a13bf09471][warning] helper->warning SERVER NAME hacked
2017-10-20 14:37:35 UTC[store.multimerchantshop.xyz][983ab1519a8b553ec58125a13bf09471][warning] helper->warning access IP hacked
2017-10-20 14:37:35 UTC[store.multimerchantshop.xyz][983ab1519a8b553ec58125a13bf09471][warning] helper->warning SERVER NAME hacked
2017-10-20 14:38:58 UTC[store.multimerchantshop.xyz][983ab1519a8b553ec58125a13bf09471][warning] helper->warning access IP hacked
2017-10-20 14:38:58 UTC[store.multimerchantshop.xyz][983ab1519a8b553ec58125a13bf09471][warning] helper->warning SERVER NAME hacked
2017-10-20 14:48:19 UTC[store.multimerchantshop.xyz][983ab1519a8b553ec58125a13bf09471][warning] helper->warning access IP hacked
2017-10-20 14:48:19 UTC[store.multimerchantshop.xyz][983ab1519a8b553ec58125a13bf09471][warning] helper->warning SERVER NAME hacked
2017-10-20 14:48:23 UTC[store.multimerchantshop.xyz][983ab1519a8b553ec58125a13bf09471][warning] helper->warning access IP hacked
2017-10-20 14:48:23 UTC[store.multimerchantshop.xyz][983ab1519a8b553ec58125a13bf09471][warning] helper->warning SERVER NAME hacked
2017-10-20 14:48:46 UTC[store.multimerchantshop.xyz][983ab1519a8b553ec58125a13bf09471][warning] helper->warning access IP hacked
2017-10-20 14:48:46 UTC[store.multimerchantshop.xyz][983ab1519a8b553ec58125a13bf09471][warning] helper->warning SERVER NAME hacked
2017-10-20 14:48:50 UTC[store.multimerchantshop.xyz][983ab1519a8b553ec58125a13bf09471][warning] helper->warning access IP hacked
2017-10-20 14:48:50 UTC[store.multimerchantshop.xyz][983ab1519a8b553ec58125a13bf09471][warning] helper->warning SERVER NAME hacked
2017-10-20 14:48:52 UTC[store.multimerchantshop.xyz][983ab1519a8b553ec58125a13bf09471][warning] helper->warning access IP hacked
2017-10-20 14:48:52 UTC[store.multimerchantshop.xyz][983ab1519a8b553ec58125a13bf09471][warning] helper->warning SERVER NAME hacked
2017-10-20 14:49:02 UTC[store.multimerchantshop.xyz][983ab1519a8b553ec58125a13bf09471][warning] helper->warning access IP hacked
2017-10-20 14:49:02 UTC[store.multimerchantshop.xyz][983ab1519a8b553ec58125a13bf09471][warning] helper->warning SERVER NAME hacked
2017-10-20 14:49:04 UTC[store.multimerchantshop.xyz][983ab1519a8b553ec58125a13bf09471][warning] helper->warning access IP hacked
2017-10-20 14:49:04 UTC[store.multimerchantshop.xyz][983ab1519a8b553ec58125a13bf09471][warning] helper->warning SERVER NAME hacked
2017-10-20 14:49:05 UTC[store.multimerchantshop.xyz][983ab1519a8b553ec58125a13bf09471][warning] helper->warning access IP hacked
2017-10-20 14:49:05 UTC[store.multimerchantshop.xyz][983ab1519a8b553ec58125a13bf09471][warning] helper->warning SERVER NAME hacked
2017-10-20 15:09:26 UTC[store.multimerchantshop.xyz][983ab1519a8b553ec58125a13bf09471][warning] helper->warning access IP hacked
2017-10-20 15:09:26 UTC[store.multimerchantshop.xyz][983ab1519a8b553ec58125a13bf09471][warning] helper->warning SERVER NAME hacked
2017-10-20 15:09:28 UTC[store.multimerchantshop.xyz][983ab1519a8b553ec58125a13bf09471][warning] helper->warning access IP hacked
2017-10-20 15:09:28 UTC[store.multimerchantshop.xyz][983ab1519a8b553ec58125a13bf09471][warning] helper->warning SERVER NAME hacked
2017-10-20 15:28:53 UTC[store.multimerchantshop.xyz][983ab1519a8b553ec58125a13bf09471][warning] helper->warning [curl] timeout
2017-10-20 15:28:54 UTC[store.multimerchantshop.xyz][983ab1519a8b553ec58125a13bf09471][timeout] curl->proccess https://input.payapi.io/v1/api/fraud/ipdata/192.168.10.1
2017-10-20 15:28:54 UTC[store.multimerchantshop.xyz][983ab1519a8b553ec58125a13bf09471][warning] controller->localization no valid localization
2017-10-20 15:28:54 UTC[store.multimerchantshop.xyz][983ab1519a8b553ec58125a13bf09471][warning] controller->locate not localized
2017-10-20 15:28:55 UTC[store.multimerchantshop.xyz][983ab1519a8b553ec58125a13bf09471][warning] helper->warning [curl] timeout
2017-10-20 15:28:56 UTC[store.multimerchantshop.xyz][983ab1519a8b553ec58125a13bf09471][timeout] curl->proccess https://input.payapi.io/v1/api/fraud/ipdata/192.168.10.1
2017-10-20 15:28:56 UTC[store.multimerchantshop.xyz][983ab1519a8b553ec58125a13bf09471][warning] controller->localization no valid localization
2017-10-20 15:28:56 UTC[store.multimerchantshop.xyz][983ab1519a8b553ec58125a13bf09471][warning] controller->locate not localized
2017-10-20 16:07:20 UTC[www.oc23.dev][ec9d18f81585d564df497af87eae5b6d][warning] helper->error_handler stream_socket_client(): SSL operation failed with code 1. OpenSSL Error messages:
error:14090086:SSL routines:SSL3_GET_SERVER_CERTIFICATE:certificate verify failed in /var/www/public/system/library/payapi/core/core.validator.php on line 274
2017-10-20 16:07:20 UTC[www.oc23.dev][ec9d18f81585d564df497af87eae5b6d][warning] helper->error_handler stream_socket_client(): Failed to enable crypto in /var/www/public/system/library/payapi/core/core.validator.php on line 274
2017-10-20 16:07:20 UTC[www.oc23.dev][ec9d18f81585d564df497af87eae5b6d][warning] helper->error_handler stream_socket_client(): unable to connect to ssl://www.oc23.dev:443 (Unknown error) in /var/www/public/system/library/payapi/core/core.validator.php on line 274
2017-10-20 16:09:00 UTC[www.oc23.dev][ec9d18f81585d564df497af87eae5b6d][warning] helper->error_handler stream_socket_client(): php_network_getaddresses: getaddrinfo failed: Name or service not known in /var/www/public/system/library/payapi/core/core.validator.php on line 274
2017-10-20 16:09:00 UTC[www.oc23.dev][ec9d18f81585d564df497af87eae5b6d][warning] helper->error_handler stream_socket_client(): unable to connect to ssl://:443 (php_network_getaddresses: getaddrinfo failed: Name or service not known) in /var/www/public/system/library/payapi/core/core.validator.php on line 274
2017-10-20 16:09:00 UTC[www.oc23.dev][ec9d18f81585d564df497af87eae5b6d][warning] helper->warning [NOVALID] ssl certificate
2017-10-20 16:09:01 UTC[www.oc23.dev][ec9d18f81585d564df497af87eae5b6d][warning] helper->warning [curl] timeout
2017-10-20 16:09:02 UTC[www.oc23.dev][ec9d18f81585d564df497af87eae5b6d][timeout] curl->proccess https://input.payapi.io/v1/api/fraud/ipdata/192.168.10.1
2017-10-20 16:09:02 UTC[www.oc23.dev][ec9d18f81585d564df497af87eae5b6d][warning] controller->localization no valid localization
2017-10-20 16:09:02 UTC[www.oc23.dev][ec9d18f81585d564df497af87eae5b6d][warning] controller->locate not localized
2017-10-20 16:09:03 UTC[www.oc23.dev][ec9d18f81585d564df497af87eae5b6d][warning] helper->error_handler stream_socket_client(): SSL operation failed with code 1. OpenSSL Error messages:
error:14090086:SSL routines:SSL3_GET_SERVER_CERTIFICATE:certificate verify failed in /var/www/public/system/library/payapi/core/core.validator.php on line 274
2017-10-20 16:09:03 UTC[www.oc23.dev][ec9d18f81585d564df497af87eae5b6d][warning] helper->error_handler stream_socket_client(): Failed to enable crypto in /var/www/public/system/library/payapi/core/core.validator.php on line 274
2017-10-20 16:09:03 UTC[www.oc23.dev][ec9d18f81585d564df497af87eae5b6d][warning] helper->error_handler stream_socket_client(): unable to connect to ssl://www.oc23.dev:443 (Unknown error) in /var/www/public/system/library/payapi/core/core.validator.php on line 274
2017-10-20 16:10:43 UTC[www.oc23.dev][ec9d18f81585d564df497af87eae5b6d][warning] helper->error_handler stream_socket_client(): php_network_getaddresses: getaddrinfo failed: Name or service not known in /var/www/public/system/library/payapi/core/core.validator.php on line 274
2017-10-20 16:10:43 UTC[www.oc23.dev][ec9d18f81585d564df497af87eae5b6d][warning] helper->error_handler stream_socket_client(): unable to connect to ssl://:443 (php_network_getaddresses: getaddrinfo failed: Name or service not known) in /var/www/public/system/library/payapi/core/core.validator.php on line 274
2017-10-20 16:10:43 UTC[www.oc23.dev][ec9d18f81585d564df497af87eae5b6d][warning] helper->warning [NOVALID] ssl certificate
2017-10-20 16:10:44 UTC[www.oc23.dev][ec9d18f81585d564df497af87eae5b6d][warning] helper->warning [curl] timeout
2017-10-20 16:10:45 UTC[www.oc23.dev][ec9d18f81585d564df497af87eae5b6d][timeout] curl->proccess https://input.payapi.io/v1/api/fraud/ipdata/192.168.10.1
2017-10-20 16:10:45 UTC[www.oc23.dev][ec9d18f81585d564df497af87eae5b6d][warning] controller->localization no valid localization
2017-10-20 16:10:45 UTC[www.oc23.dev][ec9d18f81585d564df497af87eae5b6d][warning] controller->locate not localized
2017-10-20 16:55:59 UTC[www.oc23.dev][ec9d18f81585d564df497af87eae5b6d][warning] helper->error_handler stream_socket_client(): SSL operation failed with code 1. OpenSSL Error messages:
error:14090086:SSL routines:SSL3_GET_SERVER_CERTIFICATE:certificate verify failed in /var/www/public/system/library/payapi/core/core.validator.php on line 274
2017-10-20 16:55:59 UTC[www.oc23.dev][ec9d18f81585d564df497af87eae5b6d][warning] helper->error_handler stream_socket_client(): Failed to enable crypto in /var/www/public/system/library/payapi/core/core.validator.php on line 274
2017-10-20 16:55:59 UTC[www.oc23.dev][ec9d18f81585d564df497af87eae5b6d][warning] helper->error_handler stream_socket_client(): unable to connect to ssl://www.oc23.dev:443 (Unknown error) in /var/www/public/system/library/payapi/core/core.validator.php on line 274
2017-10-20 16:57:39 UTC[www.oc23.dev][ec9d18f81585d564df497af87eae5b6d][warning] helper->error_handler stream_socket_client(): php_network_getaddresses: getaddrinfo failed: Name or service not known in /var/www/public/system/library/payapi/core/core.validator.php on line 274
2017-10-20 16:57:39 UTC[www.oc23.dev][ec9d18f81585d564df497af87eae5b6d][warning] helper->error_handler stream_socket_client(): unable to connect to ssl://:443 (php_network_getaddresses: getaddrinfo failed: Name or service not known) in /var/www/public/system/library/payapi/core/core.validator.php on line 274
2017-10-20 16:57:39 UTC[www.oc23.dev][ec9d18f81585d564df497af87eae5b6d][warning] helper->warning [NOVALID] ssl certificate
2017-10-20 16:57:40 UTC[www.oc23.dev][ec9d18f81585d564df497af87eae5b6d][warning] helper->warning [curl] timeout
2017-10-20 16:57:41 UTC[www.oc23.dev][ec9d18f81585d564df497af87eae5b6d][timeout] curl->proccess https://input.payapi.io/v1/api/fraud/ipdata/192.168.10.1
2017-10-20 16:57:41 UTC[www.oc23.dev][ec9d18f81585d564df497af87eae5b6d][warning] controller->localization no valid localization
2017-10-20 16:57:41 UTC[www.oc23.dev][ec9d18f81585d564df497af87eae5b6d][warning] controller->locate not localized
2017-10-20 16:57:42 UTC[www.oc23.dev][ec9d18f81585d564df497af87eae5b6d][warning] helper->error_handler stream_socket_client(): SSL operation failed with code 1. OpenSSL Error messages:
error:14090086:SSL routines:SSL3_GET_SERVER_CERTIFICATE:certificate verify failed in /var/www/public/system/library/payapi/core/core.validator.php on line 274
2017-10-20 16:57:42 UTC[www.oc23.dev][ec9d18f81585d564df497af87eae5b6d][warning] helper->error_handler stream_socket_client(): Failed to enable crypto in /var/www/public/system/library/payapi/core/core.validator.php on line 274
2017-10-20 16:57:42 UTC[www.oc23.dev][ec9d18f81585d564df497af87eae5b6d][warning] helper->error_handler stream_socket_client(): unable to connect to ssl://www.oc23.dev:443 (Unknown error) in /var/www/public/system/library/payapi/core/core.validator.php on line 274
2017-10-20 16:59:22 UTC[www.oc23.dev][ec9d18f81585d564df497af87eae5b6d][warning] helper->error_handler stream_socket_client(): php_network_getaddresses: getaddrinfo failed: Name or service not known in /var/www/public/system/library/payapi/core/core.validator.php on line 274
2017-10-20 16:59:22 UTC[www.oc23.dev][ec9d18f81585d564df497af87eae5b6d][warning] helper->error_handler stream_socket_client(): unable to connect to ssl://:443 (php_network_getaddresses: getaddrinfo failed: Name or service not known) in /var/www/public/system/library/payapi/core/core.validator.php on line 274
2017-10-20 16:59:22 UTC[www.oc23.dev][ec9d18f81585d564df497af87eae5b6d][warning] helper->warning [NOVALID] ssl certificate
2017-10-20 16:59:23 UTC[www.oc23.dev][ec9d18f81585d564df497af87eae5b6d][warning] helper->warning [curl] timeout
2017-10-20 16:59:24 UTC[www.oc23.dev][ec9d18f81585d564df497af87eae5b6d][timeout] curl->proccess https://input.payapi.io/v1/api/fraud/ipdata/192.168.10.1
2017-10-20 16:59:24 UTC[www.oc23.dev][ec9d18f81585d564df497af87eae5b6d][warning] controller->localization no valid localization
2017-10-20 16:59:24 UTC[www.oc23.dev][ec9d18f81585d564df497af87eae5b6d][warning] controller->locate not localized
2017-10-20 16:59:25 UTC[www.oc23.dev][ec9d18f81585d564df497af87eae5b6d][warning] helper->error_handler stream_socket_client(): SSL operation failed with code 1. OpenSSL Error messages:
error:14090086:SSL routines:SSL3_GET_SERVER_CERTIFICATE:certificate verify failed in /var/www/public/system/library/payapi/core/core.validator.php on line 274
2017-10-20 16:59:25 UTC[www.oc23.dev][ec9d18f81585d564df497af87eae5b6d][warning] helper->error_handler stream_socket_client(): Failed to enable crypto in /var/www/public/system/library/payapi/core/core.validator.php on line 274
2017-10-20 16:59:25 UTC[www.oc23.dev][ec9d18f81585d564df497af87eae5b6d][warning] helper->error_handler stream_socket_client(): unable to connect to ssl://www.oc23.dev:443 (Unknown error) in /var/www/public/system/library/payapi/core/core.validator.php on line 274
2017-10-20 17:00:57 UTC[store.multimerchantshop.xyz][983ab1519a8b553ec58125a13bf09471][warning] helper->warning access IP hacked
2017-10-20 17:00:57 UTC[store.multimerchantshop.xyz][983ab1519a8b553ec58125a13bf09471][warning] helper->warning SERVER NAME hacked
2017-10-20 17:02:58 UTC[store.multimerchantshop.xyz][983ab1519a8b553ec58125a13bf09471][warning] helper->warning access IP hacked
2017-10-20 17:02:58 UTC[store.multimerchantshop.xyz][983ab1519a8b553ec58125a13bf09471][warning] helper->warning SERVER NAME hacked
2017-10-20 17:03:01 UTC[store.multimerchantshop.xyz][983ab1519a8b553ec58125a13bf09471][warning] helper->warning access IP hacked
2017-10-20 17:03:01 UTC[store.multimerchantshop.xyz][983ab1519a8b553ec58125a13bf09471][warning] helper->warning SERVER NAME hacked
2017-10-20 17:03:03 UTC[store.multimerchantshop.xyz][983ab1519a8b553ec58125a13bf09471][warning] helper->warning access IP hacked
2017-10-20 17:03:03 UTC[store.multimerchantshop.xyz][983ab1519a8b553ec58125a13bf09471][warning] helper->warning SERVER NAME hacked
2017-10-20 17:03:05 UTC[store.multimerchantshop.xyz][983ab1519a8b553ec58125a13bf09471][warning] helper->warning access IP hacked
2017-10-20 17:03:05 UTC[store.multimerchantshop.xyz][983ab1519a8b553ec58125a13bf09471][warning] helper->warning SERVER NAME hacked
2017-10-20 17:03:08 UTC[store.multimerchantshop.xyz][983ab1519a8b553ec58125a13bf09471][warning] helper->warning access IP hacked
2017-10-20 17:03:08 UTC[store.multimerchantshop.xyz][983ab1519a8b553ec58125a13bf09471][warning] helper->warning SERVER NAME hacked
2017-10-20 17:03:10 UTC[store.multimerchantshop.xyz][983ab1519a8b553ec58125a13bf09471][warning] helper->warning access IP hacked
2017-10-20 17:03:10 UTC[store.multimerchantshop.xyz][983ab1519a8b553ec58125a13bf09471][warning] helper->warning SERVER NAME hacked
2017-10-20 17:03:28 UTC[store.multimerchantshop.xyz][983ab1519a8b553ec58125a13bf09471][warning] helper->warning access IP hacked
2017-10-20 17:03:28 UTC[store.multimerchantshop.xyz][983ab1519a8b553ec58125a13bf09471][warning] helper->warning SERVER NAME hacked
2017-10-20 17:03:32 UTC[store.multimerchantshop.xyz][983ab1519a8b553ec58125a13bf09471][warning] helper->warning access IP hacked
2017-10-20 17:03:32 UTC[store.multimerchantshop.xyz][983ab1519a8b553ec58125a13bf09471][warning] helper->warning SERVER NAME hacked
2017-10-20 17:03:34 UTC[store.multimerchantshop.xyz][983ab1519a8b553ec58125a13bf09471][warning] helper->warning access IP hacked
2017-10-20 17:03:34 UTC[store.multimerchantshop.xyz][983ab1519a8b553ec58125a13bf09471][warning] helper->warning SERVER NAME hacked
2017-10-20 17:12:35 UTC[store.multimerchantshop.xyz][983ab1519a8b553ec58125a13bf09471][warning] helper->warning access IP hacked
2017-10-20 17:12:35 UTC[store.multimerchantshop.xyz][983ab1519a8b553ec58125a13bf09471][warning] helper->warning SERVER NAME hacked
2017-10-20 17:12:38 UTC[store.multimerchantshop.xyz][983ab1519a8b553ec58125a13bf09471][warning] helper->warning access IP hacked
2017-10-20 17:12:38 UTC[store.multimerchantshop.xyz][983ab1519a8b553ec58125a13bf09471][warning] helper->warning SERVER NAME hacked
2017-10-20 17:12:41 UTC[store.multimerchantshop.xyz][983ab1519a8b553ec58125a13bf09471][warning] helper->warning access IP hacked
2017-10-20 17:12:41 UTC[store.multimerchantshop.xyz][983ab1519a8b553ec58125a13bf09471][warning] helper->warning SERVER NAME hacked
2017-10-20 17:14:08 UTC[store.multimerchantshop.xyz][983ab1519a8b553ec58125a13bf09471][warning] helper->warning access IP hacked
2017-10-20 17:14:08 UTC[store.multimerchantshop.xyz][983ab1519a8b553ec58125a13bf09471][warning] helper->warning SERVER NAME hacked
2017-10-20 17:14:23 UTC[store.multimerchantshop.xyz][983ab1519a8b553ec58125a13bf09471][warning] helper->warning access IP hacked
2017-10-20 17:14:23 UTC[store.multimerchantshop.xyz][983ab1519a8b553ec58125a13bf09471][warning] helper->warning SERVER NAME hacked
